<?xml version="1.0" encoding="UTF-8"?>
<coverage generated="1767068335804" clover="3.2.0">
  <project timestamp="1767068335804" name="All files">
    <metrics statements="285" coveredstatements="52" conditionals="183" coveredconditionals="58" methods="127" coveredmethods="14" elements="595" coveredelements="124" complexity="0" loc="285" ncloc="285" packages="1" files="9" classes="9"/>
    <file name="About.jsx" path="/Users/vishaloshada/Desktop/RealEstate/src/components/About.jsx">
      <metrics statements="2" coveredstatements="0" conditionals="0" coveredconditionals="0" methods="1" coveredmethods="0"/>
      <line num="12" count="0" type="stmt"/>
      <line num="13" count="0" type="stmt"/>
    </file>
    <file name="App.jsx" path="/Users/vishaloshada/Desktop/RealEstate/src/components/App.jsx">
      <metrics statements="9" coveredstatements="0" conditionals="2" coveredconditionals="0" methods="3" coveredmethods="0"/>
      <line num="22" count="0" type="stmt"/>
      <line num="23" count="0" type="stmt"/>
      <line num="25" count="0" type="stmt"/>
      <line num="38" count="0" type="stmt"/>
      <line num="157" count="0" type="stmt"/>
      <line num="158" count="0" type="stmt"/>
      <line num="159" count="0" type="cond" truecount="0" falsecount="2"/>
      <line num="160" count="0" type="stmt"/>
      <line num="161" count="0" type="stmt"/>
    </file>
    <file name="Contact.jsx" path="/Users/vishaloshada/Desktop/RealEstate/src/components/Contact.jsx">
      <metrics statements="25" coveredstatements="0" conditionals="0" coveredconditionals="0" methods="15" coveredmethods="0"/>
      <line num="7" count="0" type="stmt"/>
      <line num="8" count="0" type="stmt"/>
      <line num="16" count="0" type="stmt"/>
      <line num="17" count="0" type="stmt"/>
      <line num="23" count="0" type="stmt"/>
      <line num="24" count="0" type="stmt"/>
      <line num="26" count="0" type="stmt"/>
      <line num="27" count="0" type="stmt"/>
      <line num="30" count="0" type="stmt"/>
      <line num="42" count="0" type="stmt"/>
      <line num="51" count="0" type="stmt"/>
      <line num="106" count="0" type="stmt"/>
      <line num="107" count="0" type="stmt"/>
      <line num="121" count="0" type="stmt"/>
      <line num="122" count="0" type="stmt"/>
      <line num="135" count="0" type="stmt"/>
      <line num="136" count="0" type="stmt"/>
      <line num="150" count="0" type="stmt"/>
      <line num="151" count="0" type="stmt"/>
      <line num="168" count="0" type="stmt"/>
      <line num="169" count="0" type="stmt"/>
      <line num="191" count="0" type="stmt"/>
      <line num="192" count="0" type="stmt"/>
      <line num="195" count="0" type="stmt"/>
      <line num="196" count="0" type="stmt"/>
    </file>
    <file name="Favorites.jsx" path="/Users/vishaloshada/Desktop/RealEstate/src/components/Favorites.jsx">
      <metrics statements="56" coveredstatements="0" conditionals="34" coveredconditionals="0" methods="31" coveredmethods="0"/>
      <line num="11" count="0" type="stmt"/>
      <line num="12" count="0" type="stmt"/>
      <line num="13" count="0" type="cond" truecount="0" falsecount="2"/>
      <line num="16" count="0" type="stmt"/>
      <line num="17" count="0" type="stmt"/>
      <line num="18" count="0" type="cond" truecount="0" falsecount="2"/>
      <line num="21" count="0" type="stmt"/>
      <line num="24" count="0" type="stmt"/>
      <line num="25" count="0" type="stmt"/>
      <line num="29" count="0" type="stmt"/>
      <line num="30" count="0" type="stmt"/>
      <line num="31" count="0" type="stmt"/>
      <line num="32" count="0" type="cond" truecount="0" falsecount="2"/>
      <line num="33" count="0" type="stmt"/>
      <line num="37" count="0" type="stmt"/>
      <line num="39" count="0" type="stmt"/>
      <line num="41" count="0" type="stmt"/>
      <line num="42" count="0" type="stmt"/>
      <line num="43" count="0" type="stmt"/>
      <line num="48" count="0" type="stmt"/>
      <line num="49" count="0" type="stmt"/>
      <line num="50" count="0" type="cond" truecount="0" falsecount="2"/>
      <line num="55" count="0" type="stmt"/>
      <line num="56" count="0" type="stmt"/>
      <line num="60" count="0" type="stmt"/>
      <line num="61" count="0" type="stmt"/>
      <line num="64" count="0" type="stmt"/>
      <line num="65" count="0" type="stmt"/>
      <line num="66" count="0" type="stmt"/>
      <line num="69" count="0" type="stmt"/>
      <line num="70" count="0" type="stmt"/>
      <line num="73" count="0" type="stmt"/>
      <line num="74" count="0" type="stmt"/>
      <line num="75" count="0" type="stmt"/>
      <line num="78" count="0" type="stmt"/>
      <line num="79" count="0" type="stmt"/>
      <line num="80" count="0" type="cond" truecount="0" falsecount="2"/>
      <line num="81" count="0" type="stmt"/>
      <line num="82" count="0" type="stmt"/>
      <line num="87" count="0" type="stmt"/>
      <line num="89" count="0" type="stmt"/>
      <line num="127" count="0" type="stmt"/>
      <line num="148" count="0" type="stmt"/>
      <line num="152" count="0" type="stmt"/>
      <line num="197" count="0" type="stmt"/>
      <line num="200" count="0" type="stmt"/>
      <line num="231" count="0" type="stmt"/>
      <line num="232" count="0" type="stmt"/>
      <line num="236" count="0" type="stmt"/>
      <line num="252" count="0" type="stmt"/>
      <line num="255" count="0" type="stmt"/>
      <line num="285" count="0" type="stmt"/>
      <line num="300" count="0" type="stmt"/>
      <line num="301" count="0" type="stmt"/>
      <line num="304" count="0" type="stmt"/>
      <line num="305" count="0" type="stmt"/>
    </file>
    <file name="Footer.jsx" path="/Users/vishaloshada/Desktop/RealEstate/src/components/Footer.jsx">
      <metrics statements="2" coveredstatements="0" conditionals="0" coveredconditionals="0" methods="1" coveredmethods="0"/>
      <line num="3" count="0" type="stmt"/>
      <line num="4" count="0" type="stmt"/>
    </file>
    <file name="NavigationBar.jsx" path="/Users/vishaloshada/Desktop/RealEstate/src/components/NavigationBar.jsx">
      <metrics statements="43" coveredstatements="0" conditionals="18" coveredconditionals="0" methods="15" coveredmethods="0"/>
      <line num="5" count="0" type="stmt"/>
      <line num="6" count="0" type="stmt"/>
      <line num="7" count="0" type="stmt"/>
      <line num="8" count="0" type="stmt"/>
      <line num="9" count="0" type="stmt"/>
      <line num="11" count="0" type="stmt"/>
      <line num="12" count="0" type="stmt"/>
      <line num="15" count="0" type="stmt"/>
      <line num="16" count="0" type="stmt"/>
      <line num="20" count="0" type="stmt"/>
      <line num="21" count="0" type="stmt"/>
      <line num="22" count="0" type="stmt"/>
      <line num="23" count="0" type="cond" truecount="0" falsecount="2"/>
      <line num="24" count="0" type="stmt"/>
      <line num="28" count="0" type="stmt"/>
      <line num="31" count="0" type="stmt"/>
      <line num="34" count="0" type="stmt"/>
      <line num="36" count="0" type="stmt"/>
      <line num="37" count="0" type="stmt"/>
      <line num="38" count="0" type="stmt"/>
      <line num="42" count="0" type="stmt"/>
      <line num="45" count="0" type="stmt"/>
      <line num="46" count="0" type="stmt"/>
      <line num="47" count="0" type="stmt"/>
      <line num="48" count="0" type="stmt"/>
      <line num="50" count="0" type="cond" truecount="0" falsecount="2"/>
      <line num="51" count="0" type="stmt"/>
      <line num="57" count="0" type="stmt"/>
      <line num="58" count="0" type="stmt"/>
      <line num="61" count="0" type="stmt"/>
      <line num="62" count="0" type="cond" truecount="0" falsecount="2"/>
      <line num="63" count="0" type="stmt"/>
      <line num="67" count="0" type="stmt"/>
      <line num="68" count="0" type="stmt"/>
      <line num="69" count="0" type="stmt"/>
      <line num="70" count="0" type="stmt"/>
      <line num="74" count="0" type="stmt"/>
      <line num="94" count="0" type="stmt"/>
      <line num="122" count="0" type="stmt"/>
      <line num="140" count="0" type="stmt"/>
      <line num="141" count="0" type="stmt"/>
      <line num="144" count="0" type="stmt"/>
      <line num="145" count="0" type="stmt"/>
    </file>
    <file name="PropertyCard.jsx" path="/Users/vishaloshada/Desktop/RealEstate/src/components/PropertyCard.jsx">
      <metrics statements="14" coveredstatements="0" conditionals="8" coveredconditionals="0" methods="6" coveredmethods="0"/>
      <line num="6" count="0" type="stmt"/>
      <line num="7" count="0" type="stmt"/>
      <line num="8" count="0" type="stmt"/>
      <line num="9" count="0" type="stmt"/>
      <line num="11" count="0" type="stmt"/>
      <line num="12" count="0" type="stmt"/>
      <line num="15" count="0" type="stmt"/>
      <line num="16" count="0" type="stmt"/>
      <line num="17" count="0" type="stmt"/>
      <line num="20" count="0" type="stmt"/>
      <line num="23" count="0" type="stmt"/>
      <line num="24" count="0" type="stmt"/>
      <line num="82" count="0" type="stmt"/>
      <line num="83" count="0" type="cond" truecount="0" falsecount="2"/>
    </file>
    <file name="PropertyPage.jsx" path="/Users/vishaloshada/Desktop/RealEstate/src/components/PropertyPage.jsx">
      <metrics statements="45" coveredstatements="0" conditionals="34" coveredconditionals="0" methods="22" coveredmethods="0"/>
      <line num="15" count="0" type="stmt"/>
      <line num="16" count="0" type="stmt"/>
      <line num="17" count="0" type="stmt"/>
      <line num="18" count="0" type="stmt"/>
      <line num="19" count="0" type="stmt"/>
      <line num="20" count="0" type="stmt"/>
      <line num="23" count="0" type="stmt"/>
      <line num="25" count="0" type="cond" truecount="0" falsecount="2"/>
      <line num="26" count="0" type="stmt"/>
      <line num="31" count="0" type="stmt"/>
      <line num="48" count="0" type="stmt"/>
      <line num="49" count="0" type="cond" truecount="0" falsecount="2"/>
      <line num="50" count="0" type="stmt"/>
      <line num="53" count="0" type="stmt"/>
      <line num="88" count="0" type="stmt"/>
      <line num="89" count="0" type="stmt"/>
      <line num="90" count="0" type="stmt"/>
      <line num="94" count="0" type="stmt"/>
      <line num="95" count="0" type="stmt"/>
      <line num="99" count="0" type="stmt"/>
      <line num="100" count="0" type="stmt"/>
      <line num="101" count="0" type="cond" truecount="0" falsecount="2"/>
      <line num="102" count="0" type="stmt"/>
      <line num="103" count="0" type="stmt"/>
      <line num="107" count="0" type="stmt"/>
      <line num="108" count="0" type="stmt"/>
      <line num="109" count="0" type="cond" truecount="0" falsecount="2"/>
      <line num="110" count="0" type="stmt"/>
      <line num="111" count="0" type="stmt"/>
      <line num="114" count="0" type="stmt"/>
      <line num="153" count="0" type="stmt"/>
      <line num="154" count="0" type="stmt"/>
      <line num="178" count="0" type="stmt"/>
      <line num="179" count="0" type="stmt"/>
      <line num="203" count="0" type="stmt"/>
      <line num="204" count="0" type="stmt"/>
      <line num="211" count="0" type="stmt"/>
      <line num="283" count="0" type="stmt"/>
      <line num="296" count="0" type="stmt"/>
      <line num="297" count="0" type="stmt"/>
      <line num="389" count="0" type="stmt"/>
      <line num="399" count="0" type="stmt"/>
      <line num="401" count="0" type="stmt"/>
      <line num="404" count="0" type="stmt"/>
      <line num="425" count="0" type="stmt"/>
    </file>
    <file name="Search.jsx" path="/Users/vishaloshada/Desktop/RealEstate/src/components/Search.jsx">
      <metrics statements="89" coveredstatements="52" conditionals="87" coveredconditionals="58" methods="33" coveredmethods="14"/>
      <line num="13" count="1" type="stmt"/>
      <line num="14" count="24" type="stmt"/>
      <line num="26" count="24" type="stmt"/>
      <line num="27" count="8" type="stmt"/>
      <line num="28" count="8" type="cond" truecount="2" falsecount="0"/>
      <line num="31" count="24" type="stmt"/>
      <line num="32" count="24" type="stmt"/>
      <line num="33" count="24" type="stmt"/>
      <line num="34" count="24" type="stmt"/>
      <line num="37" count="24" type="stmt"/>
      <line num="38" count="12" type="stmt"/>
      <line num="41" count="24" type="stmt"/>
      <line num="42" count="7" type="stmt"/>
      <line num="48" count="24" type="stmt"/>
      <line num="49" count="25" type="stmt"/>
      <line num="51" count="6" type="cond" truecount="2" falsecount="0"/>
      <line num="52" count="1" type="stmt"/>
      <line num="53" count="1" type="stmt"/>
      <line num="57" count="5" type="stmt"/>
      <line num="58" count="20" type="cond" truecount="2" falsecount="0"/>
      <line num="59" count="4" type="stmt"/>
      <line num="60" count="4" type="cond" truecount="2" falsecount="0"/>
      <line num="63" count="17" type="cond" truecount="2" falsecount="0"/>
      <line num="64" count="8" type="cond" truecount="2" falsecount="0"/>
      <line num="67" count="12" type="cond" truecount="2" falsecount="0"/>
      <line num="68" count="3" type="cond" truecount="2" falsecount="0"/>
      <line num="71" count="11" type="cond" truecount="2" falsecount="0"/>
      <line num="72" count="4" type="cond" truecount="2" falsecount="0"/>
      <line num="75" count="10" type="cond" truecount="2" falsecount="0"/>
      <line num="76" count="3" type="cond" truecount="2" falsecount="0"/>
      <line num="79" count="9" type="cond" truecount="2" falsecount="0"/>
      <line num="80" count="4" type="cond" truecount="2" falsecount="0"/>
      <line num="84" count="6" type="cond" truecount="1" falsecount="1"/>
      <line num="85" count="0" type="stmt"/>
      <line num="86" count="0" type="stmt"/>
      <line num="87" count="0" type="cond" truecount="0" falsecount="2"/>
      <line num="91" count="6" type="cond" truecount="1" falsecount="1"/>
      <line num="92" count="0" type="stmt"/>
      <line num="93" count="0" type="stmt"/>
      <line num="94" count="0" type="cond" truecount="0" falsecount="2"/>
      <line num="97" count="6" type="stmt"/>
      <line num="100" count="5" type="stmt"/>
      <line num="101" count="5" type="stmt"/>
      <line num="105" count="24" type="cond" truecount="1" falsecount="1"/>
      <line num="108" count="24" type="stmt"/>
      <line num="109" count="3" type="stmt"/>
      <line num="110" count="3" type="cond" truecount="2" falsecount="0"/>
      <line num="115" count="24" type="stmt"/>
      <line num="116" count="0" type="stmt"/>
      <line num="120" count="24" type="stmt"/>
      <line num="121" count="1" type="stmt"/>
      <line num="124" count="24" type="cond" truecount="0" falsecount="1"/>
      <line num="125" count="0" type="stmt"/>
      <line num="126" count="0" type="stmt"/>
      <line num="127" count="0" type="stmt"/>
      <line num="130" count="24" type="stmt"/>
      <line num="131" count="0" type="stmt"/>
      <line num="132" count="0" type="stmt"/>
      <line num="135" count="24" type="stmt"/>
      <line num="136" count="0" type="stmt"/>
      <line num="137" count="0" type="cond" truecount="0" falsecount="2"/>
      <line num="138" count="0" type="stmt"/>
      <line num="139" count="0" type="stmt"/>
      <line num="140" count="0" type="stmt"/>
      <line num="144" count="24" type="stmt"/>
      <line num="145" count="0" type="stmt"/>
      <line num="146" count="0" type="cond" truecount="0" falsecount="5"/>
      <line num="147" count="0" type="stmt"/>
      <line num="149" count="0" type="stmt"/>
      <line num="150" count="0" type="stmt"/>
      <line num="153" count="24" type="stmt"/>
      <line num="303" count="0" type="stmt"/>
      <line num="304" count="0" type="stmt"/>
      <line num="307" count="0" type="stmt"/>
      <line num="308" count="0" type="stmt"/>
      <line num="334" count="82" type="stmt"/>
      <line num="338" count="0" type="stmt"/>
      <line num="379" count="0" type="stmt"/>
      <line num="382" count="0" type="stmt"/>
      <line num="423" count="12" type="stmt"/>
      <line num="424" count="7" type="stmt"/>
      <line num="428" count="0" type="stmt"/>
      <line num="443" count="0" type="stmt"/>
      <line num="446" count="0" type="stmt"/>
      <line num="467" count="0" type="stmt"/>
      <line num="482" count="0" type="stmt"/>
      <line num="483" count="0" type="stmt"/>
      <line num="486" count="0" type="stmt"/>
      <line num="487" count="0" type="stmt"/>
    </file>
  </project>
</coverage>
