{"/Users/vishaloshada/Desktop/RealEstate/src/components/About.jsx": {"path":"/Users/vishaloshada/Desktop/RealEstate/src/components/About.jsx","statementMap":{"0":{"start":{"line":12,"column":14},"end":{"line":149,"column":1}},"1":{"start":{"line":13,"column":2},"end":{"line":148,"column":3}}},"fnMap":{"0":{"name":"(anonymous_0)","decl":{"start":{"line":12,"column":14},"end":{"line":12,"column":15}},"loc":{"start":{"line":12,"column":20},"end":{"line":149,"column":1}},"line":12}},"branchMap":{},"s":{"0":0,"1":0},"f":{"0":0},"b":{}}
,"/Users/vishaloshada/Desktop/RealEstate/src/components/App.jsx": {"path":"/Users/vishaloshada/Desktop/RealEstate/src/components/App.jsx","statementMap":{"0":{"start":{"line":22,"column":12},"end":{"line":202,"column":1}},"1":{"start":{"line":23,"column":19},"end":{"line":23,"column":32}},"2":{"start":{"line":25,"column":2},"end":{"line":201,"column":3}},"3":{"start":{"line":38,"column":25},"end":{"line":38,"column":44}},"4":{"start":{"line":157,"column":12},"end":{"line":157,"column":31}},"5":{"start":{"line":158,"column":26},"end":{"line":158,"column":46}},"6":{"start":{"line":159,"column":12},"end":{"line":162,"column":13}},"7":{"start":{"line":160,"column":14},"end":{"line":160,"column":64}},"8":{"start":{"line":161,"column":14},"end":{"line":161,"column":31}}},"fnMap":{"0":{"name":"(anonymous_0)","decl":{"start":{"line":22,"column":12},"end":{"line":22,"column":13}},"loc":{"start":{"line":22,"column":18},"end":{"line":202,"column":1}},"line":22},"1":{"name":"(anonymous_1)","decl":{"start":{"line":38,"column":19},"end":{"line":38,"column":20}},"loc":{"start":{"line":38,"column":25},"end":{"line":38,"column":44}},"line":38},"2":{"name":"(anonymous_2)","decl":{"start":{"line":156,"column":26},"end":{"line":156,"column":27}},"loc":{"start":{"line":156,"column":33},"end":{"line":163,"column":11}},"line":156}},"branchMap":{"0":{"loc":{"start":{"line":159,"column":12},"end":{"line":162,"column":13}},"type":"if","locations":[{"start":{"line":159,"column":12},"end":{"line":162,"column":13}},{"start":{},"end":{}}],"line":159}},"s":{"0":0,"1":0,"2":0,"3":0,"4":0,"5":0,"6":0,"7":0,"8":0},"f":{"0":0,"1":0,"2":0},"b":{"0":[0,0]}}
,"/Users/vishaloshada/Desktop/RealEstate/src/components/Contact.jsx": {"path":"/Users/vishaloshada/Desktop/RealEstate/src/components/Contact.jsx","statementMap":{"0":{"start":{"line":7,"column":16},"end":{"line":334,"column":1}},"1":{"start":{"line":8,"column":34},"end":{"line":14,"column":4}},"2":{"start":{"line":16,"column":23},"end":{"line":21,"column":3}},"3":{"start":{"line":17,"column":4},"end":{"line":20,"column":7}},"4":{"start":{"line":23,"column":23},"end":{"line":28,"column":3}},"5":{"start":{"line":24,"column":4},"end":{"line":24,"column":23}},"6":{"start":{"line":26,"column":4},"end":{"line":26,"column":71}},"7":{"start":{"line":27,"column":4},"end":{"line":27,"column":78}},"8":{"start":{"line":30,"column":21},"end":{"line":40,"column":3}},"9":{"start":{"line":42,"column":21},"end":{"line":49,"column":3}},"10":{"start":{"line":51,"column":2},"end":{"line":333,"column":3}},"11":{"start":{"line":106,"column":36},"end":{"line":106,"column":74}},"12":{"start":{"line":107,"column":35},"end":{"line":107,"column":73}},"13":{"start":{"line":121,"column":36},"end":{"line":121,"column":74}},"14":{"start":{"line":122,"column":35},"end":{"line":122,"column":73}},"15":{"start":{"line":135,"column":36},"end":{"line":135,"column":74}},"16":{"start":{"line":136,"column":35},"end":{"line":136,"column":73}},"17":{"start":{"line":150,"column":36},"end":{"line":150,"column":74}},"18":{"start":{"line":151,"column":35},"end":{"line":151,"column":73}},"19":{"start":{"line":168,"column":36},"end":{"line":168,"column":74}},"20":{"start":{"line":169,"column":35},"end":{"line":169,"column":73}},"21":{"start":{"line":191,"column":22},"end":{"line":191,"column":62}},"22":{"start":{"line":192,"column":22},"end":{"line":192,"column":68}},"23":{"start":{"line":195,"column":22},"end":{"line":195,"column":65}},"24":{"start":{"line":196,"column":22},"end":{"line":196,"column":65}}},"fnMap":{"0":{"name":"(anonymous_0)","decl":{"start":{"line":7,"column":16},"end":{"line":7,"column":17}},"loc":{"start":{"line":7,"column":22},"end":{"line":334,"column":1}},"line":7},"1":{"name":"(anonymous_1)","decl":{"start":{"line":16,"column":23},"end":{"line":16,"column":24}},"loc":{"start":{"line":16,"column":30},"end":{"line":21,"column":3}},"line":16},"2":{"name":"(anonymous_2)","decl":{"start":{"line":23,"column":23},"end":{"line":23,"column":24}},"loc":{"start":{"line":23,"column":30},"end":{"line":28,"column":3}},"line":23},"3":{"name":"(anonymous_3)","decl":{"start":{"line":106,"column":29},"end":{"line":106,"column":30}},"loc":{"start":{"line":106,"column":36},"end":{"line":106,"column":74}},"line":106},"4":{"name":"(anonymous_4)","decl":{"start":{"line":107,"column":28},"end":{"line":107,"column":29}},"loc":{"start":{"line":107,"column":35},"end":{"line":107,"column":73}},"line":107},"5":{"name":"(anonymous_5)","decl":{"start":{"line":121,"column":29},"end":{"line":121,"column":30}},"loc":{"start":{"line":121,"column":36},"end":{"line":121,"column":74}},"line":121},"6":{"name":"(anonymous_6)","decl":{"start":{"line":122,"column":28},"end":{"line":122,"column":29}},"loc":{"start":{"line":122,"column":35},"end":{"line":122,"column":73}},"line":122},"7":{"name":"(anonymous_7)","decl":{"start":{"line":135,"column":29},"end":{"line":135,"column":30}},"loc":{"start":{"line":135,"column":36},"end":{"line":135,"column":74}},"line":135},"8":{"name":"(anonymous_8)","decl":{"start":{"line":136,"column":28},"end":{"line":136,"column":29}},"loc":{"start":{"line":136,"column":35},"end":{"line":136,"column":73}},"line":136},"9":{"name":"(anonymous_9)","decl":{"start":{"line":150,"column":29},"end":{"line":150,"column":30}},"loc":{"start":{"line":150,"column":36},"end":{"line":150,"column":74}},"line":150},"10":{"name":"(anonymous_10)","decl":{"start":{"line":151,"column":28},"end":{"line":151,"column":29}},"loc":{"start":{"line":151,"column":35},"end":{"line":151,"column":73}},"line":151},"11":{"name":"(anonymous_11)","decl":{"start":{"line":168,"column":29},"end":{"line":168,"column":30}},"loc":{"start":{"line":168,"column":36},"end":{"line":168,"column":74}},"line":168},"12":{"name":"(anonymous_12)","decl":{"start":{"line":169,"column":28},"end":{"line":169,"column":29}},"loc":{"start":{"line":169,"column":35},"end":{"line":169,"column":73}},"line":169},"13":{"name":"(anonymous_13)","decl":{"start":{"line":190,"column":33},"end":{"line":190,"column":34}},"loc":{"start":{"line":190,"column":40},"end":{"line":193,"column":21}},"line":190},"14":{"name":"(anonymous_14)","decl":{"start":{"line":194,"column":32},"end":{"line":194,"column":33}},"loc":{"start":{"line":194,"column":39},"end":{"line":197,"column":21}},"line":194}},"branchMap":{},"s":{"0":0,"1":0,"2":0,"3":0,"4":0,"5":0,"6":0,"7":0,"8":0,"9":0,"10":0,"11":0,"12":0,"13":0,"14":0,"15":0,"16":0,"17":0,"18":0,"19":0,"20":0,"21":0,"22":0,"23":0,"24":0},"f":{"0":0,"1":0,"2":0,"3":0,"4":0,"5":0,"6":0,"7":0,"8":0,"9":0,"10":0,"11":0,"12":0,"13":0,"14":0},"b":{}}
,"/Users/vishaloshada/Desktop/RealEstate/src/components/Favorites.jsx": {"path":"/Users/vishaloshada/Desktop/RealEstate/src/components/Favorites.jsx","statementMap":{"0":{"start":{"line":11,"column":18},"end":{"line":364,"column":1}},"1":{"start":{"line":12,"column":19},"end":{"line":12,"column":32}},"2":{"start":{"line":13,"column":21},"end":{"line":13,"column":43}},"3":{"start":{"line":16,"column":38},"end":{"line":19,"column":4}},"4":{"start":{"line":17,"column":18},"end":{"line":17,"column":52}},"5":{"start":{"line":18,"column":4},"end":{"line":18,"column":41}},"6":{"start":{"line":21,"column":40},"end":{"line":21,"column":54}},"7":{"start":{"line":24,"column":2},"end":{"line":26,"column":18}},"8":{"start":{"line":25,"column":4},"end":{"line":25,"column":66}},"9":{"start":{"line":29,"column":2},"end":{"line":45,"column":8}},"10":{"start":{"line":30,"column":32},"end":{"line":35,"column":5}},"11":{"start":{"line":31,"column":20},"end":{"line":31,"column":54}},"12":{"start":{"line":32,"column":6},"end":{"line":34,"column":7}},"13":{"start":{"line":33,"column":8},"end":{"line":33,"column":40}},"14":{"start":{"line":37,"column":4},"end":{"line":37,"column":59}},"15":{"start":{"line":39,"column":4},"end":{"line":39,"column":57}},"16":{"start":{"line":41,"column":4},"end":{"line":44,"column":5}},"17":{"start":{"line":42,"column":6},"end":{"line":42,"column":64}},"18":{"start":{"line":43,"column":6},"end":{"line":43,"column":62}},"19":{"start":{"line":48,"column":26},"end":{"line":52,"column":3}},"20":{"start":{"line":49,"column":4},"end":{"line":51,"column":5}},"21":{"start":{"line":50,"column":6},"end":{"line":50,"column":70}},"22":{"start":{"line":50,"column":45},"end":{"line":50,"column":53}},"23":{"start":{"line":55,"column":26},"end":{"line":57,"column":3}},"24":{"start":{"line":56,"column":4},"end":{"line":56,"column":57}},"25":{"start":{"line":56,"column":28},"end":{"line":56,"column":56}},"26":{"start":{"line":56,"column":47},"end":{"line":56,"column":55}},"27":{"start":{"line":60,"column":30},"end":{"line":62,"column":3}},"28":{"start":{"line":61,"column":4},"end":{"line":61,"column":21}},"29":{"start":{"line":64,"column":26},"end":{"line":67,"column":3}},"30":{"start":{"line":65,"column":4},"end":{"line":65,"column":26}},"31":{"start":{"line":66,"column":4},"end":{"line":66,"column":41}},"32":{"start":{"line":69,"column":24},"end":{"line":71,"column":3}},"33":{"start":{"line":70,"column":4},"end":{"line":70,"column":24}},"34":{"start":{"line":73,"column":25},"end":{"line":76,"column":3}},"35":{"start":{"line":74,"column":4},"end":{"line":74,"column":22}},"36":{"start":{"line":75,"column":4},"end":{"line":75,"column":38}},"37":{"start":{"line":78,"column":29},"end":{"line":84,"column":3}},"38":{"start":{"line":79,"column":4},"end":{"line":79,"column":22}},"39":{"start":{"line":80,"column":4},"end":{"line":83,"column":5}},"40":{"start":{"line":81,"column":6},"end":{"line":81,"column":34}},"41":{"start":{"line":82,"column":6},"end":{"line":82,"column":26}},"42":{"start":{"line":87,"column":30},"end":{"line":87,"column":87}},"43":{"start":{"line":87,"column":58},"end":{"line":87,"column":86}},"44":{"start":{"line":89,"column":2},"end":{"line":363,"column":3}},"45":{"start":{"line":127,"column":33},"end":{"line":127,"column":52}},"46":{"start":{"line":148,"column":18},"end":{"line":165,"column":24}},"47":{"start":{"line":152,"column":40},"end":{"line":152,"column":71}},"48":{"start":{"line":197,"column":26},"end":{"line":197,"column":65}},"49":{"start":{"line":200,"column":26},"end":{"line":200,"column":62}},"50":{"start":{"line":231,"column":44},"end":{"line":231,"column":88}},"51":{"start":{"line":231,"column":70},"end":{"line":231,"column":87}},"52":{"start":{"line":232,"column":24},"end":{"line":312,"column":25}},"53":{"start":{"line":236,"column":48},"end":{"line":236,"column":73}},"54":{"start":{"line":252,"column":30},"end":{"line":252,"column":79}},"55":{"start":{"line":255,"column":30},"end":{"line":255,"column":79}},"56":{"start":{"line":285,"column":45},"end":{"line":285,"column":67}},"57":{"start":{"line":300,"column":32},"end":{"line":300,"column":71}},"58":{"start":{"line":301,"column":32},"end":{"line":301,"column":81}},"59":{"start":{"line":304,"column":32},"end":{"line":304,"column":68}},"60":{"start":{"line":305,"column":32},"end":{"line":305,"column":85}}},"fnMap":{"0":{"name":"(anonymous_0)","decl":{"start":{"line":11,"column":18},"end":{"line":11,"column":19}},"loc":{"start":{"line":11,"column":24},"end":{"line":364,"column":1}},"line":11},"1":{"name":"(anonymous_1)","decl":{"start":{"line":16,"column":47},"end":{"line":16,"column":48}},"loc":{"start":{"line":16,"column":53},"end":{"line":19,"column":3}},"line":16},"2":{"name":"(anonymous_2)","decl":{"start":{"line":24,"column":12},"end":{"line":24,"column":13}},"loc":{"start":{"line":24,"column":18},"end":{"line":26,"column":3}},"line":24},"3":{"name":"(anonymous_3)","decl":{"start":{"line":29,"column":12},"end":{"line":29,"column":13}},"loc":{"start":{"line":29,"column":18},"end":{"line":45,"column":3}},"line":29},"4":{"name":"(anonymous_4)","decl":{"start":{"line":30,"column":32},"end":{"line":30,"column":33}},"loc":{"start":{"line":30,"column":38},"end":{"line":35,"column":5}},"line":30},"5":{"name":"(anonymous_5)","decl":{"start":{"line":41,"column":11},"end":{"line":41,"column":12}},"loc":{"start":{"line":41,"column":17},"end":{"line":44,"column":5}},"line":41},"6":{"name":"(anonymous_6)","decl":{"start":{"line":48,"column":26},"end":{"line":48,"column":27}},"loc":{"start":{"line":48,"column":34},"end":{"line":52,"column":3}},"line":48},"7":{"name":"(anonymous_7)","decl":{"start":{"line":49,"column":18},"end":{"line":49,"column":19}},"loc":{"start":{"line":50,"column":6},"end":{"line":50,"column":70}},"line":50},"8":{"name":"(anonymous_8)","decl":{"start":{"line":50,"column":38},"end":{"line":50,"column":39}},"loc":{"start":{"line":50,"column":45},"end":{"line":50,"column":53}},"line":50},"9":{"name":"(anonymous_9)","decl":{"start":{"line":55,"column":26},"end":{"line":55,"column":27}},"loc":{"start":{"line":55,"column":34},"end":{"line":57,"column":3}},"line":55},"10":{"name":"(anonymous_10)","decl":{"start":{"line":56,"column":18},"end":{"line":56,"column":19}},"loc":{"start":{"line":56,"column":28},"end":{"line":56,"column":56}},"line":56},"11":{"name":"(anonymous_11)","decl":{"start":{"line":56,"column":40},"end":{"line":56,"column":41}},"loc":{"start":{"line":56,"column":47},"end":{"line":56,"column":55}},"line":56},"12":{"name":"(anonymous_12)","decl":{"start":{"line":60,"column":30},"end":{"line":60,"column":31}},"loc":{"start":{"line":60,"column":36},"end":{"line":62,"column":3}},"line":60},"13":{"name":"(anonymous_13)","decl":{"start":{"line":64,"column":26},"end":{"line":64,"column":27}},"loc":{"start":{"line":64,"column":41},"end":{"line":67,"column":3}},"line":64},"14":{"name":"(anonymous_14)","decl":{"start":{"line":69,"column":24},"end":{"line":69,"column":25}},"loc":{"start":{"line":69,"column":30},"end":{"line":71,"column":3}},"line":69},"15":{"name":"(anonymous_15)","decl":{"start":{"line":73,"column":25},"end":{"line":73,"column":26}},"loc":{"start":{"line":73,"column":32},"end":{"line":76,"column":3}},"line":73},"16":{"name":"(anonymous_16)","decl":{"start":{"line":78,"column":29},"end":{"line":78,"column":30}},"loc":{"start":{"line":78,"column":36},"end":{"line":84,"column":3}},"line":78},"17":{"name":"(anonymous_17)","decl":{"start":{"line":87,"column":48},"end":{"line":87,"column":49}},"loc":{"start":{"line":87,"column":58},"end":{"line":87,"column":86}},"line":87},"18":{"name":"(anonymous_18)","decl":{"start":{"line":127,"column":27},"end":{"line":127,"column":28}},"loc":{"start":{"line":127,"column":33},"end":{"line":127,"column":52}},"line":127},"19":{"name":"(anonymous_19)","decl":{"start":{"line":147,"column":41},"end":{"line":147,"column":42}},"loc":{"start":{"line":148,"column":18},"end":{"line":165,"column":24}},"line":148},"20":{"name":"(anonymous_20)","decl":{"start":{"line":152,"column":33},"end":{"line":152,"column":34}},"loc":{"start":{"line":152,"column":40},"end":{"line":152,"column":71}},"line":152},"21":{"name":"(anonymous_21)","decl":{"start":{"line":196,"column":38},"end":{"line":196,"column":39}},"loc":{"start":{"line":196,"column":45},"end":{"line":198,"column":25}},"line":196},"22":{"name":"(anonymous_22)","decl":{"start":{"line":199,"column":38},"end":{"line":199,"column":39}},"loc":{"start":{"line":199,"column":45},"end":{"line":201,"column":25}},"line":199},"23":{"name":"(anonymous_23)","decl":{"start":{"line":230,"column":38},"end":{"line":230,"column":39}},"loc":{"start":{"line":230,"column":49},"end":{"line":313,"column":23}},"line":230},"24":{"name":"(anonymous_24)","decl":{"start":{"line":231,"column":60},"end":{"line":231,"column":61}},"loc":{"start":{"line":231,"column":70},"end":{"line":231,"column":87}},"line":231},"25":{"name":"(anonymous_25)","decl":{"start":{"line":236,"column":41},"end":{"line":236,"column":42}},"loc":{"start":{"line":236,"column":48},"end":{"line":236,"column":73}},"line":236},"26":{"name":"(anonymous_26)","decl":{"start":{"line":251,"column":42},"end":{"line":251,"column":43}},"loc":{"start":{"line":251,"column":49},"end":{"line":253,"column":29}},"line":251},"27":{"name":"(anonymous_27)","decl":{"start":{"line":254,"column":42},"end":{"line":254,"column":43}},"loc":{"start":{"line":254,"column":49},"end":{"line":256,"column":29}},"line":254},"28":{"name":"(anonymous_28)","decl":{"start":{"line":285,"column":39},"end":{"line":285,"column":40}},"loc":{"start":{"line":285,"column":45},"end":{"line":285,"column":67}},"line":285},"29":{"name":"(anonymous_29)","decl":{"start":{"line":299,"column":44},"end":{"line":299,"column":45}},"loc":{"start":{"line":299,"column":51},"end":{"line":302,"column":31}},"line":299},"30":{"name":"(anonymous_30)","decl":{"start":{"line":303,"column":44},"end":{"line":303,"column":45}},"loc":{"start":{"line":303,"column":51},"end":{"line":306,"column":31}},"line":303}},"branchMap":{"0":{"loc":{"start":{"line":13,"column":21},"end":{"line":13,"column":43}},"type":"binary-expr","locations":[{"start":{"line":13,"column":21},"end":{"line":13,"column":37}},{"start":{"line":13,"column":41},"end":{"line":13,"column":43}}],"line":13},"1":{"loc":{"start":{"line":18,"column":11},"end":{"line":18,"column":41}},"type":"cond-expr","locations":[{"start":{"line":18,"column":19},"end":{"line":18,"column":36}},{"start":{"line":18,"column":39},"end":{"line":18,"column":41}}],"line":18},"2":{"loc":{"start":{"line":32,"column":6},"end":{"line":34,"column":7}},"type":"if","locations":[{"start":{"line":32,"column":6},"end":{"line":34,"column":7}},{"start":{},"end":{}}],"line":32},"3":{"loc":{"start":{"line":50,"column":6},"end":{"line":50,"column":70}},"type":"cond-expr","locations":[{"start":{"line":50,"column":26},"end":{"line":50,"column":54}},{"start":{"line":50,"column":57},"end":{"line":50,"column":70}}],"line":50},"4":{"loc":{"start":{"line":80,"column":4},"end":{"line":83,"column":5}},"type":"if","locations":[{"start":{"line":80,"column":4},"end":{"line":83,"column":5}},{"start":{},"end":{}}],"line":80},"5":{"loc":{"start":{"line":104,"column":13},"end":{"line":168,"column":13}},"type":"cond-expr","locations":[{"start":{"line":105,"column":14},"end":{"line":144,"column":20}},{"start":{"line":146,"column":14},"end":{"line":167,"column":20}}],"line":104},"6":{"loc":{"start":{"line":155,"column":31},"end":{"line":155,"column":68}},"type":"cond-expr","locations":[{"start":{"line":155,"column":61},"end":{"line":155,"column":64}},{"start":{"line":155,"column":67},"end":{"line":155,"column":68}}],"line":155},"7":{"loc":{"start":{"line":181,"column":21},"end":{"line":206,"column":21}},"type":"binary-expr","locations":[{"start":{"line":181,"column":21},"end":{"line":181,"column":42}},{"start":{"line":182,"column":22},"end":{"line":205,"column":31}}],"line":181},"8":{"loc":{"start":{"line":209,"column":19},"end":{"line":315,"column":19}},"type":"cond-expr","locations":[{"start":{"line":210,"column":20},"end":{"line":227,"column":26}},{"start":{"line":229,"column":20},"end":{"line":314,"column":26}}],"line":209},"9":{"loc":{"start":{"line":248,"column":39},"end":{"line":248,"column":70}},"type":"cond-expr","locations":[{"start":{"line":248,"column":63},"end":{"line":248,"column":66}},{"start":{"line":248,"column":69},"end":{"line":248,"column":70}}],"line":248},"10":{"loc":{"start":{"line":249,"column":38},"end":{"line":249,"column":81}},"type":"cond-expr","locations":[{"start":{"line":249,"column":62},"end":{"line":249,"column":72}},{"start":{"line":249,"column":75},"end":{"line":249,"column":81}}],"line":249},"11":{"loc":{"start":{"line":259,"column":31},"end":{"line":282,"column":31}},"type":"cond-expr","locations":[{"start":{"line":260,"column":32},"end":{"line":279,"column":35}},{"start":{"line":281,"column":32},"end":{"line":281,"column":112}}],"line":259},"12":{"loc":{"start":{"line":325,"column":37},"end":{"line":325,"column":70}},"type":"cond-expr","locations":[{"start":{"line":325,"column":51},"end":{"line":325,"column":60}},{"start":{"line":325,"column":63},"end":{"line":325,"column":70}}],"line":325},"13":{"loc":{"start":{"line":326,"column":28},"end":{"line":326,"column":96}},"type":"cond-expr","locations":[{"start":{"line":326,"column":42},"end":{"line":326,"column":62}},{"start":{"line":326,"column":65},"end":{"line":326,"column":96}}],"line":326},"14":{"loc":{"start":{"line":340,"column":29},"end":{"line":340,"column":75}},"type":"cond-expr","locations":[{"start":{"line":340,"column":43},"end":{"line":340,"column":52}},{"start":{"line":340,"column":55},"end":{"line":340,"column":75}}],"line":340},"15":{"loc":{"start":{"line":347,"column":27},"end":{"line":347,"column":73}},"type":"cond-expr","locations":[{"start":{"line":347,"column":41},"end":{"line":347,"column":50}},{"start":{"line":347,"column":53},"end":{"line":347,"column":73}}],"line":347},"16":{"loc":{"start":{"line":354,"column":21},"end":{"line":354,"column":106}},"type":"cond-expr","locations":[{"start":{"line":354,"column":35},"end":{"line":354,"column":72}},{"start":{"line":354,"column":75},"end":{"line":354,"column":106}}],"line":354}},"s":{"0":0,"1":0,"2":0,"3":0,"4":0,"5":0,"6":0,"7":0,"8":0,"9":0,"10":0,"11":0,"12":0,"13":0,"14":0,"15":0,"16":0,"17":0,"18":0,"19":0,"20":0,"21":0,"22":0,"23":0,"24":0,"25":0,"26":0,"27":0,"28":0,"29":0,"30":0,"31":0,"32":0,"33":0,"34":0,"35":0,"36":0,"37":0,"38":0,"39":0,"40":0,"41":0,"42":0,"43":0,"44":0,"45":0,"46":0,"47":0,"48":0,"49":0,"50":0,"51":0,"52":0,"53":0,"54":0,"55":0,"56":0,"57":0,"58":0,"59":0,"60":0},"f":{"0":0,"1":0,"2":0,"3":0,"4":0,"5":0,"6":0,"7":0,"8":0,"9":0,"10":0,"11":0,"12":0,"13":0,"14":0,"15":0,"16":0,"17":0,"18":0,"19":0,"20":0,"21":0,"22":0,"23":0,"24":0,"25":0,"26":0,"27":0,"28":0,"29":0,"30":0},"b":{"0":[0,0],"1":[0,0],"2":[0,0],"3":[0,0],"4":[0,0],"5":[0,0],"6":[0,0],"7":[0,0],"8":[0,0],"9":[0,0],"10":[0,0],"11":[0,0],"12":[0,0],"13":[0,0],"14":[0,0],"15":[0,0],"16":[0,0]}}
,"/Users/vishaloshada/Desktop/RealEstate/src/components/Footer.jsx": {"path":"/Users/vishaloshada/Desktop/RealEstate/src/components/Footer.jsx","statementMap":{"0":{"start":{"line":3,"column":15},"end":{"line":63,"column":1}},"1":{"start":{"line":4,"column":2},"end":{"line":62,"column":3}}},"fnMap":{"0":{"name":"(anonymous_0)","decl":{"start":{"line":3,"column":15},"end":{"line":3,"column":16}},"loc":{"start":{"line":3,"column":21},"end":{"line":63,"column":1}},"line":3}},"branchMap":{},"s":{"0":0,"1":0},"f":{"0":0},"b":{}}
,"/Users/vishaloshada/Desktop/RealEstate/src/components/NavigationBar.jsx": {"path":"/Users/vishaloshada/Desktop/RealEstate/src/components/NavigationBar.jsx","statementMap":{"0":{"start":{"line":5,"column":22},"end":{"line":177,"column":1}},"1":{"start":{"line":6,"column":30},"end":{"line":6,"column":45}},"2":{"start":{"line":7,"column":36},"end":{"line":7,"column":50}},"3":{"start":{"line":8,"column":48},"end":{"line":8,"column":59}},"4":{"start":{"line":9,"column":19},"end":{"line":9,"column":32}},"5":{"start":{"line":11,"column":21},"end":{"line":13,"column":3}},"6":{"start":{"line":12,"column":4},"end":{"line":12,"column":22}},"7":{"start":{"line":15,"column":20},"end":{"line":17,"column":3}},"8":{"start":{"line":16,"column":4},"end":{"line":16,"column":20}},"9":{"start":{"line":20,"column":2},"end":{"line":40,"column":8}},"10":{"start":{"line":21,"column":34},"end":{"line":25,"column":5}},"11":{"start":{"line":22,"column":20},"end":{"line":22,"column":54}},"12":{"start":{"line":23,"column":25},"end":{"line":23,"column":55}},"13":{"start":{"line":24,"column":6},"end":{"line":24,"column":43}},"14":{"start":{"line":28,"column":4},"end":{"line":28,"column":27}},"15":{"start":{"line":31,"column":4},"end":{"line":31,"column":61}},"16":{"start":{"line":34,"column":21},"end":{"line":34,"column":60}},"17":{"start":{"line":36,"column":4},"end":{"line":39,"column":5}},"18":{"start":{"line":37,"column":6},"end":{"line":37,"column":66}},"19":{"start":{"line":38,"column":6},"end":{"line":38,"column":29}},"20":{"start":{"line":42,"column":2},"end":{"line":72,"column":14}},"21":{"start":{"line":45,"column":23},"end":{"line":54,"column":5}},"22":{"start":{"line":46,"column":6},"end":{"line":46,"column":24}},"23":{"start":{"line":47,"column":6},"end":{"line":47,"column":29}},"24":{"start":{"line":48,"column":6},"end":{"line":53,"column":14}},"25":{"start":{"line":50,"column":8},"end":{"line":52,"column":9}},"26":{"start":{"line":51,"column":10},"end":{"line":51,"column":29}},"27":{"start":{"line":57,"column":4},"end":{"line":57,"column":49}},"28":{"start":{"line":58,"column":4},"end":{"line":58,"column":52}},"29":{"start":{"line":61,"column":4},"end":{"line":65,"column":12}},"30":{"start":{"line":62,"column":6},"end":{"line":64,"column":7}},"31":{"start":{"line":63,"column":8},"end":{"line":63,"column":27}},"32":{"start":{"line":67,"column":4},"end":{"line":71,"column":5}},"33":{"start":{"line":68,"column":6},"end":{"line":68,"column":29}},"34":{"start":{"line":69,"column":6},"end":{"line":69,"column":54}},"35":{"start":{"line":70,"column":6},"end":{"line":70,"column":57}},"36":{"start":{"line":74,"column":2},"end":{"line":176,"column":3}},"37":{"start":{"line":94,"column":25},"end":{"line":94,"column":38}},"38":{"start":{"line":122,"column":25},"end":{"line":122,"column":47}},"39":{"start":{"line":140,"column":12},"end":{"line":140,"column":64}},"40":{"start":{"line":141,"column":12},"end":{"line":141,"column":75}},"41":{"start":{"line":144,"column":12},"end":{"line":144,"column":61}},"42":{"start":{"line":145,"column":12},"end":{"line":145,"column":74}}},"fnMap":{"0":{"name":"(anonymous_0)","decl":{"start":{"line":5,"column":22},"end":{"line":5,"column":23}},"loc":{"start":{"line":5,"column":28},"end":{"line":177,"column":1}},"line":5},"1":{"name":"(anonymous_1)","decl":{"start":{"line":11,"column":21},"end":{"line":11,"column":22}},"loc":{"start":{"line":11,"column":27},"end":{"line":13,"column":3}},"line":11},"2":{"name":"(anonymous_2)","decl":{"start":{"line":15,"column":20},"end":{"line":15,"column":21}},"loc":{"start":{"line":15,"column":26},"end":{"line":17,"column":3}},"line":15},"3":{"name":"(anonymous_3)","decl":{"start":{"line":20,"column":12},"end":{"line":20,"column":13}},"loc":{"start":{"line":20,"column":18},"end":{"line":40,"column":3}},"line":20},"4":{"name":"(anonymous_4)","decl":{"start":{"line":21,"column":34},"end":{"line":21,"column":35}},"loc":{"start":{"line":21,"column":40},"end":{"line":25,"column":5}},"line":21},"5":{"name":"(anonymous_5)","decl":{"start":{"line":36,"column":11},"end":{"line":36,"column":12}},"loc":{"start":{"line":36,"column":17},"end":{"line":39,"column":5}},"line":36},"6":{"name":"(anonymous_6)","decl":{"start":{"line":42,"column":12},"end":{"line":42,"column":13}},"loc":{"start":{"line":42,"column":18},"end":{"line":72,"column":3}},"line":42},"7":{"name":"(anonymous_7)","decl":{"start":{"line":45,"column":23},"end":{"line":45,"column":24}},"loc":{"start":{"line":45,"column":29},"end":{"line":54,"column":5}},"line":45},"8":{"name":"(anonymous_8)","decl":{"start":{"line":48,"column":29},"end":{"line":48,"column":30}},"loc":{"start":{"line":48,"column":35},"end":{"line":53,"column":7}},"line":48},"9":{"name":"(anonymous_9)","decl":{"start":{"line":61,"column":27},"end":{"line":61,"column":28}},"loc":{"start":{"line":61,"column":33},"end":{"line":65,"column":5}},"line":61},"10":{"name":"(anonymous_10)","decl":{"start":{"line":67,"column":11},"end":{"line":67,"column":12}},"loc":{"start":{"line":67,"column":17},"end":{"line":71,"column":5}},"line":67},"11":{"name":"(anonymous_11)","decl":{"start":{"line":94,"column":19},"end":{"line":94,"column":20}},"loc":{"start":{"line":94,"column":25},"end":{"line":94,"column":38}},"line":94},"12":{"name":"(anonymous_12)","decl":{"start":{"line":122,"column":19},"end":{"line":122,"column":20}},"loc":{"start":{"line":122,"column":25},"end":{"line":122,"column":47}},"line":122},"13":{"name":"(anonymous_13)","decl":{"start":{"line":139,"column":24},"end":{"line":139,"column":25}},"loc":{"start":{"line":139,"column":31},"end":{"line":142,"column":11}},"line":139},"14":{"name":"(anonymous_14)","decl":{"start":{"line":143,"column":24},"end":{"line":143,"column":25}},"loc":{"start":{"line":143,"column":31},"end":{"line":146,"column":11}},"line":143}},"branchMap":{"0":{"loc":{"start":{"line":23,"column":25},"end":{"line":23,"column":55}},"type":"cond-expr","locations":[{"start":{"line":23,"column":33},"end":{"line":23,"column":50}},{"start":{"line":23,"column":53},"end":{"line":23,"column":55}}],"line":23},"1":{"loc":{"start":{"line":50,"column":8},"end":{"line":52,"column":9}},"type":"if","locations":[{"start":{"line":50,"column":8},"end":{"line":52,"column":9}},{"start":{},"end":{}}],"line":50},"2":{"loc":{"start":{"line":62,"column":6},"end":{"line":64,"column":7}},"type":"if","locations":[{"start":{"line":62,"column":6},"end":{"line":64,"column":7}},{"start":{},"end":{}}],"line":62},"3":{"loc":{"start":{"line":154,"column":41},"end":{"line":154,"column":61}},"type":"cond-expr","locations":[{"start":{"line":154,"column":50},"end":{"line":154,"column":56}},{"start":{"line":154,"column":59},"end":{"line":154,"column":61}}],"line":154},"4":{"loc":{"start":{"line":154,"column":65},"end":{"line":154,"column":91}},"type":"cond-expr","locations":[{"start":{"line":154,"column":78},"end":{"line":154,"column":86}},{"start":{"line":154,"column":89},"end":{"line":154,"column":91}}],"line":154},"5":{"loc":{"start":{"line":156,"column":34},"end":{"line":156,"column":54}},"type":"cond-expr","locations":[{"start":{"line":156,"column":43},"end":{"line":156,"column":49}},{"start":{"line":156,"column":52},"end":{"line":156,"column":54}}],"line":156},"6":{"loc":{"start":{"line":157,"column":34},"end":{"line":157,"column":54}},"type":"cond-expr","locations":[{"start":{"line":157,"column":43},"end":{"line":157,"column":49}},{"start":{"line":157,"column":52},"end":{"line":157,"column":54}}],"line":157},"7":{"loc":{"start":{"line":158,"column":34},"end":{"line":158,"column":54}},"type":"cond-expr","locations":[{"start":{"line":158,"column":43},"end":{"line":158,"column":49}},{"start":{"line":158,"column":52},"end":{"line":158,"column":54}}],"line":158},"8":{"loc":{"start":{"line":160,"column":35},"end":{"line":160,"column":55}},"type":"cond-expr","locations":[{"start":{"line":160,"column":44},"end":{"line":160,"column":50}},{"start":{"line":160,"column":53},"end":{"line":160,"column":55}}],"line":160}},"s":{"0":0,"1":0,"2":0,"3":0,"4":0,"5":0,"6":0,"7":0,"8":0,"9":0,"10":0,"11":0,"12":0,"13":0,"14":0,"15":0,"16":0,"17":0,"18":0,"19":0,"20":0,"21":0,"22":0,"23":0,"24":0,"25":0,"26":0,"27":0,"28":0,"29":0,"30":0,"31":0,"32":0,"33":0,"34":0,"35":0,"36":0,"37":0,"38":0,"39":0,"40":0,"41":0,"42":0},"f":{"0":0,"1":0,"2":0,"3":0,"4":0,"5":0,"6":0,"7":0,"8":0,"9":0,"10":0,"11":0,"12":0,"13":0,"14":0},"b":{"0":[0,0],"1":[0,0],"2":[0,0],"3":[0,0],"4":[0,0],"5":[0,0],"6":[0,0],"7":[0,0],"8":[0,0]}}
,"/Users/vishaloshada/Desktop/RealEstate/src/components/PropertyCard.jsx": {"path":"/Users/vishaloshada/Desktop/RealEstate/src/components/PropertyCard.jsx","statementMap":{"0":{"start":{"line":6,"column":21},"end":{"line":111,"column":1}},"1":{"start":{"line":7,"column":38},"end":{"line":7,"column":53}},"2":{"start":{"line":8,"column":19},"end":{"line":8,"column":32}},"3":{"start":{"line":9,"column":21},"end":{"line":9,"column":37}},"4":{"start":{"line":11,"column":26},"end":{"line":13,"column":3}},"5":{"start":{"line":12,"column":4},"end":{"line":12,"column":28}},"6":{"start":{"line":15,"column":27},"end":{"line":18,"column":3}},"7":{"start":{"line":16,"column":4},"end":{"line":16,"column":24}},"8":{"start":{"line":17,"column":4},"end":{"line":17,"column":41}},"9":{"start":{"line":20,"column":2},"end":{"line":110,"column":3}},"10":{"start":{"line":23,"column":26},"end":{"line":23,"column":47}},"11":{"start":{"line":24,"column":26},"end":{"line":24,"column":48}},"12":{"start":{"line":82,"column":16},"end":{"line":82,"column":36}},"13":{"start":{"line":83,"column":16},"end":{"line":83,"column":68}}},"fnMap":{"0":{"name":"(anonymous_0)","decl":{"start":{"line":6,"column":21},"end":{"line":6,"column":22}},"loc":{"start":{"line":6,"column":71},"end":{"line":111,"column":1}},"line":6},"1":{"name":"(anonymous_1)","decl":{"start":{"line":11,"column":26},"end":{"line":11,"column":27}},"loc":{"start":{"line":11,"column":40},"end":{"line":13,"column":3}},"line":11},"2":{"name":"(anonymous_2)","decl":{"start":{"line":15,"column":27},"end":{"line":15,"column":28}},"loc":{"start":{"line":15,"column":34},"end":{"line":18,"column":3}},"line":15},"3":{"name":"(anonymous_3)","decl":{"start":{"line":23,"column":20},"end":{"line":23,"column":21}},"loc":{"start":{"line":23,"column":26},"end":{"line":23,"column":47}},"line":23},"4":{"name":"(anonymous_4)","decl":{"start":{"line":24,"column":20},"end":{"line":24,"column":21}},"loc":{"start":{"line":24,"column":26},"end":{"line":24,"column":48}},"line":24},"5":{"name":"(anonymous_5)","decl":{"start":{"line":81,"column":23},"end":{"line":81,"column":24}},"loc":{"start":{"line":81,"column":30},"end":{"line":84,"column":15}},"line":81}},"branchMap":{"0":{"loc":{"start":{"line":34,"column":7},"end":{"line":73,"column":7}},"type":"binary-expr","locations":[{"start":{"line":34,"column":7},"end":{"line":34,"column":17}},{"start":{"line":35,"column":8},"end":{"line":72,"column":17}}],"line":34},"1":{"loc":{"start":{"line":80,"column":46},"end":{"line":80,"column":74}},"type":"binary-expr","locations":[{"start":{"line":80,"column":46},"end":{"line":80,"column":59}},{"start":{"line":80,"column":63},"end":{"line":80,"column":74}}],"line":80},"2":{"loc":{"start":{"line":83,"column":16},"end":{"line":83,"column":67}},"type":"binary-expr","locations":[{"start":{"line":83,"column":16},"end":{"line":83,"column":33}},{"start":{"line":83,"column":37},"end":{"line":83,"column":67}}],"line":83},"3":{"loc":{"start":{"line":96,"column":15},"end":{"line":100,"column":15}},"type":"cond-expr","locations":[{"start":{"line":97,"column":16},"end":{"line":97,"column":75}},{"start":{"line":99,"column":16},"end":{"line":99,"column":83}}],"line":96}},"s":{"0":0,"1":0,"2":0,"3":0,"4":0,"5":0,"6":0,"7":0,"8":0,"9":0,"10":0,"11":0,"12":0,"13":0},"f":{"0":0,"1":0,"2":0,"3":0,"4":0,"5":0},"b":{"0":[0,0],"1":[0,0],"2":[0,0],"3":[0,0]}}
,"/Users/vishaloshada/Desktop/RealEstate/src/components/PropertyPage.jsx": {"path":"/Users/vishaloshada/Desktop/RealEstate/src/components/PropertyPage.jsx","statementMap":{"0":{"start":{"line":15,"column":21},"end":{"line":596,"column":1}},"1":{"start":{"line":16,"column":19},"end":{"line":16,"column":32}},"2":{"start":{"line":17,"column":17},"end":{"line":17,"column":28}},"3":{"start":{"line":18,"column":50},"end":{"line":18,"column":61}},"4":{"start":{"line":19,"column":58},"end":{"line":19,"column":72}},"5":{"start":{"line":20,"column":52},"end":{"line":20,"column":63}},"6":{"start":{"line":23,"column":23},"end":{"line":23,"column":67}},"7":{"start":{"line":23,"column":52},"end":{"line":23,"column":66}},"8":{"start":{"line":25,"column":2},"end":{"line":46,"column":3}},"9":{"start":{"line":26,"column":4},"end":{"line":45,"column":5}},"10":{"start":{"line":31,"column":25},"end":{"line":31,"column":44}},"11":{"start":{"line":48,"column":22},"end":{"line":48,"column":42}},"12":{"start":{"line":49,"column":18},"end":{"line":49,"column":44}},"13":{"start":{"line":50,"column":25},"end":{"line":50,"column":44}},"14":{"start":{"line":53,"column":27},"end":{"line":85,"column":3}},"15":{"start":{"line":88,"column":23},"end":{"line":91,"column":3}},"16":{"start":{"line":89,"column":4},"end":{"line":89,"column":34}},"17":{"start":{"line":90,"column":4},"end":{"line":90,"column":31}},"18":{"start":{"line":94,"column":24},"end":{"line":96,"column":3}},"19":{"start":{"line":95,"column":4},"end":{"line":95,"column":33}},"20":{"start":{"line":99,"column":20},"end":{"line":104,"column":3}},"21":{"start":{"line":100,"column":4},"end":{"line":100,"column":23}},"22":{"start":{"line":101,"column":21},"end":{"line":101,"column":96}},"23":{"start":{"line":102,"column":4},"end":{"line":102,"column":34}},"24":{"start":{"line":103,"column":4},"end":{"line":103,"column":53}},"25":{"start":{"line":107,"column":20},"end":{"line":112,"column":3}},"26":{"start":{"line":108,"column":4},"end":{"line":108,"column":23}},"27":{"start":{"line":109,"column":21},"end":{"line":109,"column":96}},"28":{"start":{"line":110,"column":4},"end":{"line":110,"column":34}},"29":{"start":{"line":111,"column":4},"end":{"line":111,"column":53}},"30":{"start":{"line":114,"column":2},"end":{"line":595,"column":3}},"31":{"start":{"line":153,"column":33},"end":{"line":153,"column":94}},"32":{"start":{"line":154,"column":33},"end":{"line":154,"column":94}},"33":{"start":{"line":178,"column":33},"end":{"line":178,"column":94}},"34":{"start":{"line":179,"column":33},"end":{"line":179,"column":94}},"35":{"start":{"line":203,"column":33},"end":{"line":203,"column":94}},"36":{"start":{"line":204,"column":33},"end":{"line":204,"column":94}},"37":{"start":{"line":211,"column":28},"end":{"line":211,"column":47}},"38":{"start":{"line":283,"column":29},"end":{"line":283,"column":41}},"39":{"start":{"line":296,"column":36},"end":{"line":296,"column":75}},"40":{"start":{"line":297,"column":36},"end":{"line":297,"column":72}},"41":{"start":{"line":389,"column":18},"end":{"line":417,"column":24}},"42":{"start":{"line":399,"column":35},"end":{"line":399,"column":61}},"43":{"start":{"line":401,"column":23},"end":{"line":401,"column":70}},"44":{"start":{"line":404,"column":23},"end":{"line":404,"column":67}},"45":{"start":{"line":425,"column":72},"end":{"line":425,"column":98}}},"fnMap":{"0":{"name":"(anonymous_0)","decl":{"start":{"line":15,"column":21},"end":{"line":15,"column":22}},"loc":{"start":{"line":15,"column":27},"end":{"line":596,"column":1}},"line":15},"1":{"name":"(anonymous_1)","decl":{"start":{"line":23,"column":44},"end":{"line":23,"column":45}},"loc":{"start":{"line":23,"column":52},"end":{"line":23,"column":66}},"line":23},"2":{"name":"(anonymous_2)","decl":{"start":{"line":31,"column":19},"end":{"line":31,"column":20}},"loc":{"start":{"line":31,"column":25},"end":{"line":31,"column":44}},"line":31},"3":{"name":"(anonymous_3)","decl":{"start":{"line":88,"column":23},"end":{"line":88,"column":24}},"loc":{"start":{"line":88,"column":41},"end":{"line":91,"column":3}},"line":88},"4":{"name":"(anonymous_4)","decl":{"start":{"line":94,"column":24},"end":{"line":94,"column":25}},"loc":{"start":{"line":94,"column":30},"end":{"line":96,"column":3}},"line":94},"5":{"name":"(anonymous_5)","decl":{"start":{"line":99,"column":20},"end":{"line":99,"column":21}},"loc":{"start":{"line":99,"column":27},"end":{"line":104,"column":3}},"line":99},"6":{"name":"(anonymous_6)","decl":{"start":{"line":107,"column":20},"end":{"line":107,"column":21}},"loc":{"start":{"line":107,"column":27},"end":{"line":112,"column":3}},"line":107},"7":{"name":"(anonymous_7)","decl":{"start":{"line":153,"column":26},"end":{"line":153,"column":27}},"loc":{"start":{"line":153,"column":33},"end":{"line":153,"column":94}},"line":153},"8":{"name":"(anonymous_8)","decl":{"start":{"line":154,"column":26},"end":{"line":154,"column":27}},"loc":{"start":{"line":154,"column":33},"end":{"line":154,"column":94}},"line":154},"9":{"name":"(anonymous_9)","decl":{"start":{"line":178,"column":26},"end":{"line":178,"column":27}},"loc":{"start":{"line":178,"column":33},"end":{"line":178,"column":94}},"line":178},"10":{"name":"(anonymous_10)","decl":{"start":{"line":179,"column":26},"end":{"line":179,"column":27}},"loc":{"start":{"line":179,"column":33},"end":{"line":179,"column":94}},"line":179},"11":{"name":"(anonymous_11)","decl":{"start":{"line":203,"column":26},"end":{"line":203,"column":27}},"loc":{"start":{"line":203,"column":33},"end":{"line":203,"column":94}},"line":203},"12":{"name":"(anonymous_12)","decl":{"start":{"line":204,"column":26},"end":{"line":204,"column":27}},"loc":{"start":{"line":204,"column":33},"end":{"line":204,"column":94}},"line":204},"13":{"name":"(anonymous_13)","decl":{"start":{"line":211,"column":21},"end":{"line":211,"column":22}},"loc":{"start":{"line":211,"column":28},"end":{"line":211,"column":47}},"line":211},"14":{"name":"(anonymous_14)","decl":{"start":{"line":283,"column":23},"end":{"line":283,"column":24}},"loc":{"start":{"line":283,"column":29},"end":{"line":283,"column":41}},"line":283},"15":{"name":"(anonymous_15)","decl":{"start":{"line":296,"column":28},"end":{"line":296,"column":29}},"loc":{"start":{"line":296,"column":36},"end":{"line":296,"column":75}},"line":296},"16":{"name":"(anonymous_16)","decl":{"start":{"line":297,"column":28},"end":{"line":297,"column":29}},"loc":{"start":{"line":297,"column":36},"end":{"line":297,"column":72}},"line":297},"17":{"name":"(anonymous_17)","decl":{"start":{"line":388,"column":36},"end":{"line":388,"column":37}},"loc":{"start":{"line":389,"column":18},"end":{"line":417,"column":24}},"line":389},"18":{"name":"(anonymous_18)","decl":{"start":{"line":399,"column":29},"end":{"line":399,"column":30}},"loc":{"start":{"line":399,"column":35},"end":{"line":399,"column":61}},"line":399},"19":{"name":"(anonymous_19)","decl":{"start":{"line":400,"column":34},"end":{"line":400,"column":35}},"loc":{"start":{"line":401,"column":23},"end":{"line":401,"column":70}},"line":401},"20":{"name":"(anonymous_20)","decl":{"start":{"line":403,"column":34},"end":{"line":403,"column":35}},"loc":{"start":{"line":404,"column":23},"end":{"line":404,"column":67}},"line":404},"21":{"name":"(anonymous_21)","decl":{"start":{"line":425,"column":61},"end":{"line":425,"column":62}},"loc":{"start":{"line":425,"column":72},"end":{"line":425,"column":98}},"line":425}},"branchMap":{"0":{"loc":{"start":{"line":25,"column":2},"end":{"line":46,"column":3}},"type":"if","locations":[{"start":{"line":25,"column":2},"end":{"line":46,"column":3}},{"start":{},"end":{}}],"line":25},"1":{"loc":{"start":{"line":49,"column":18},"end":{"line":49,"column":44}},"type":"binary-expr","locations":[{"start":{"line":49,"column":18},"end":{"line":49,"column":38}},{"start":{"line":49,"column":42},"end":{"line":49,"column":44}}],"line":49},"2":{"loc":{"start":{"line":101,"column":21},"end":{"line":101,"column":96}},"type":"cond-expr","locations":[{"start":{"line":101,"column":47},"end":{"line":101,"column":72}},{"start":{"line":101,"column":75},"end":{"line":101,"column":96}}],"line":101},"3":{"loc":{"start":{"line":109,"column":21},"end":{"line":109,"column":96}},"type":"cond-expr","locations":[{"start":{"line":109,"column":71},"end":{"line":109,"column":72}},{"start":{"line":109,"column":75},"end":{"line":109,"column":96}}],"line":109},"4":{"loc":{"start":{"line":117,"column":7},"end":{"line":236,"column":7}},"type":"binary-expr","locations":[{"start":{"line":117,"column":7},"end":{"line":117,"column":27}},{"start":{"line":118,"column":8},"end":{"line":235,"column":14}}],"line":117},"5":{"loc":{"start":{"line":381,"column":11},"end":{"line":421,"column":11}},"type":"binary-expr","locations":[{"start":{"line":381,"column":11},"end":{"line":381,"column":36}},{"start":{"line":382,"column":12},"end":{"line":420,"column":18}}],"line":381},"6":{"loc":{"start":{"line":442,"column":32},"end":{"line":442,"column":70}},"type":"cond-expr","locations":[{"start":{"line":442,"column":57},"end":{"line":442,"column":62}},{"start":{"line":442,"column":65},"end":{"line":442,"column":70}}],"line":442},"7":{"loc":{"start":{"line":443,"column":27},"end":{"line":443,"column":70}},"type":"cond-expr","locations":[{"start":{"line":443,"column":52},"end":{"line":443,"column":61}},{"start":{"line":443,"column":64},"end":{"line":443,"column":70}}],"line":443},"8":{"loc":{"start":{"line":445,"column":34},"end":{"line":445,"column":87}},"type":"cond-expr","locations":[{"start":{"line":445,"column":59},"end":{"line":445,"column":78}},{"start":{"line":445,"column":81},"end":{"line":445,"column":87}}],"line":445},"9":{"loc":{"start":{"line":458,"column":32},"end":{"line":458,"column":70}},"type":"cond-expr","locations":[{"start":{"line":458,"column":57},"end":{"line":458,"column":62}},{"start":{"line":458,"column":65},"end":{"line":458,"column":70}}],"line":458},"10":{"loc":{"start":{"line":459,"column":27},"end":{"line":459,"column":70}},"type":"cond-expr","locations":[{"start":{"line":459,"column":52},"end":{"line":459,"column":61}},{"start":{"line":459,"column":64},"end":{"line":459,"column":70}}],"line":459},"11":{"loc":{"start":{"line":461,"column":34},"end":{"line":461,"column":87}},"type":"cond-expr","locations":[{"start":{"line":461,"column":59},"end":{"line":461,"column":78}},{"start":{"line":461,"column":81},"end":{"line":461,"column":87}}],"line":461},"12":{"loc":{"start":{"line":474,"column":32},"end":{"line":474,"column":70}},"type":"cond-expr","locations":[{"start":{"line":474,"column":57},"end":{"line":474,"column":62}},{"start":{"line":474,"column":65},"end":{"line":474,"column":70}}],"line":474},"13":{"loc":{"start":{"line":475,"column":27},"end":{"line":475,"column":70}},"type":"cond-expr","locations":[{"start":{"line":475,"column":52},"end":{"line":475,"column":61}},{"start":{"line":475,"column":64},"end":{"line":475,"column":70}}],"line":475},"14":{"loc":{"start":{"line":477,"column":34},"end":{"line":477,"column":87}},"type":"cond-expr","locations":[{"start":{"line":477,"column":59},"end":{"line":477,"column":78}},{"start":{"line":477,"column":81},"end":{"line":477,"column":87}}],"line":477},"15":{"loc":{"start":{"line":529,"column":19},"end":{"line":544,"column":19}},"type":"cond-expr","locations":[{"start":{"line":530,"column":20},"end":{"line":541,"column":26}},{"start":{"line":543,"column":20},"end":{"line":543,"column":95}}],"line":529},"16":{"loc":{"start":{"line":555,"column":19},"end":{"line":587,"column":19}},"type":"cond-expr","locations":[{"start":{"line":556,"column":20},"end":{"line":575,"column":26}},{"start":{"line":577,"column":20},"end":{"line":586,"column":26}}],"line":555}},"s":{"0":0,"1":0,"2":0,"3":0,"4":0,"5":0,"6":0,"7":0,"8":0,"9":0,"10":0,"11":0,"12":0,"13":0,"14":0,"15":0,"16":0,"17":0,"18":0,"19":0,"20":0,"21":0,"22":0,"23":0,"24":0,"25":0,"26":0,"27":0,"28":0,"29":0,"30":0,"31":0,"32":0,"33":0,"34":0,"35":0,"36":0,"37":0,"38":0,"39":0,"40":0,"41":0,"42":0,"43":0,"44":0,"45":0},"f":{"0":0,"1":0,"2":0,"3":0,"4":0,"5":0,"6":0,"7":0,"8":0,"9":0,"10":0,"11":0,"12":0,"13":0,"14":0,"15":0,"16":0,"17":0,"18":0,"19":0,"20":0,"21":0},"b":{"0":[0,0],"1":[0,0],"2":[0,0],"3":[0,0],"4":[0,0],"5":[0,0],"6":[0,0],"7":[0,0],"8":[0,0],"9":[0,0],"10":[0,0],"11":[0,0],"12":[0,0],"13":[0,0],"14":[0,0],"15":[0,0],"16":[0,0]}}
,"/Users/vishaloshada/Desktop/RealEstate/src/components/Search.jsx": {"path":"/Users/vishaloshada/Desktop/RealEstate/src/components/Search.jsx","statementMap":{"0":{"start":{"line":13,"column":15},"end":{"line":535,"column":1}},"1":{"start":{"line":14,"column":32},"end":{"line":23,"column":4}},"2":{"start":{"line":26,"column":38},"end":{"line":29,"column":4}},"3":{"start":{"line":27,"column":18},"end":{"line":27,"column":52}},"4":{"start":{"line":28,"column":4},"end":{"line":28,"column":41}},"5":{"start":{"line":31,"column":44},"end":{"line":31,"column":58}},"6":{"start":{"line":32,"column":40},"end":{"line":32,"column":55}},"7":{"start":{"line":33,"column":40},"end":{"line":33,"column":54}},"8":{"start":{"line":34,"column":56},"end":{"line":34,"column":70}},"9":{"start":{"line":37,"column":2},"end":{"line":39,"column":18}},"10":{"start":{"line":38,"column":4},"end":{"line":38,"column":66}},"11":{"start":{"line":41,"column":23},"end":{"line":46,"column":3}},"12":{"start":{"line":42,"column":4},"end":{"line":45,"column":6}},"13":{"start":{"line":48,"column":23},"end":{"line":102,"column":3}},"14":{"start":{"line":49,"column":25},"end":{"line":49,"column":75}},"15":{"start":{"line":49,"column":62},"end":{"line":49,"column":74}},"16":{"start":{"line":51,"column":4},"end":{"line":54,"column":5}},"17":{"start":{"line":52,"column":6},"end":{"line":52,"column":55}},"18":{"start":{"line":53,"column":6},"end":{"line":53,"column":12}},"19":{"start":{"line":57,"column":21},"end":{"line":98,"column":6}},"20":{"start":{"line":58,"column":6},"end":{"line":61,"column":7}},"21":{"start":{"line":59,"column":26},"end":{"line":59,"column":92}},"22":{"start":{"line":60,"column":8},"end":{"line":60,"column":36}},"23":{"start":{"line":60,"column":24},"end":{"line":60,"column":36}},"24":{"start":{"line":63,"column":6},"end":{"line":65,"column":7}},"25":{"start":{"line":64,"column":8},"end":{"line":64,"column":61}},"26":{"start":{"line":64,"column":49},"end":{"line":64,"column":61}},"27":{"start":{"line":67,"column":6},"end":{"line":69,"column":7}},"28":{"start":{"line":68,"column":8},"end":{"line":68,"column":61}},"29":{"start":{"line":68,"column":49},"end":{"line":68,"column":61}},"30":{"start":{"line":71,"column":6},"end":{"line":73,"column":7}},"31":{"start":{"line":72,"column":8},"end":{"line":72,"column":67}},"32":{"start":{"line":72,"column":55},"end":{"line":72,"column":67}},"33":{"start":{"line":75,"column":6},"end":{"line":77,"column":7}},"34":{"start":{"line":76,"column":8},"end":{"line":76,"column":67}},"35":{"start":{"line":76,"column":55},"end":{"line":76,"column":67}},"36":{"start":{"line":79,"column":6},"end":{"line":81,"column":7}},"37":{"start":{"line":80,"column":8},"end":{"line":80,"column":68}},"38":{"start":{"line":80,"column":56},"end":{"line":80,"column":68}},"39":{"start":{"line":84,"column":6},"end":{"line":88,"column":7}},"40":{"start":{"line":85,"column":27},"end":{"line":85,"column":54}},"41":{"start":{"line":86,"column":29},"end":{"line":86,"column":191}},"42":{"start":{"line":87,"column":8},"end":{"line":87,"column":51}},"43":{"start":{"line":87,"column":39},"end":{"line":87,"column":51}},"44":{"start":{"line":91,"column":6},"end":{"line":95,"column":7}},"45":{"start":{"line":92,"column":27},"end":{"line":92,"column":55}},"46":{"start":{"line":93,"column":29},"end":{"line":93,"column":191}},"47":{"start":{"line":94,"column":8},"end":{"line":94,"column":51}},"48":{"start":{"line":94,"column":39},"end":{"line":94,"column":51}},"49":{"start":{"line":97,"column":6},"end":{"line":97,"column":17}},"50":{"start":{"line":100,"column":4},"end":{"line":100,"column":30}},"51":{"start":{"line":101,"column":4},"end":{"line":101,"column":24}},"52":{"start":{"line":105,"column":21},"end":{"line":105,"column":43}},"53":{"start":{"line":108,"column":26},"end":{"line":112,"column":3}},"54":{"start":{"line":109,"column":4},"end":{"line":111,"column":5}},"55":{"start":{"line":110,"column":6},"end":{"line":110,"column":70}},"56":{"start":{"line":110,"column":45},"end":{"line":110,"column":53}},"57":{"start":{"line":115,"column":26},"end":{"line":117,"column":3}},"58":{"start":{"line":116,"column":4},"end":{"line":116,"column":57}},"59":{"start":{"line":116,"column":28},"end":{"line":116,"column":56}},"60":{"start":{"line":116,"column":47},"end":{"line":116,"column":55}},"61":{"start":{"line":120,"column":30},"end":{"line":122,"column":3}},"62":{"start":{"line":121,"column":4},"end":{"line":121,"column":21}},"63":{"start":{"line":124,"column":26},"end":{"line":128,"column":3}},"64":{"start":{"line":125,"column":4},"end":{"line":125,"column":26}},"65":{"start":{"line":126,"column":4},"end":{"line":126,"column":42}},"66":{"start":{"line":127,"column":4},"end":{"line":127,"column":41}},"67":{"start":{"line":130,"column":25},"end":{"line":133,"column":3}},"68":{"start":{"line":131,"column":4},"end":{"line":131,"column":22}},"69":{"start":{"line":132,"column":4},"end":{"line":132,"column":38}},"70":{"start":{"line":135,"column":29},"end":{"line":142,"column":3}},"71":{"start":{"line":136,"column":4},"end":{"line":136,"column":22}},"72":{"start":{"line":137,"column":4},"end":{"line":141,"column":5}},"73":{"start":{"line":138,"column":6},"end":{"line":138,"column":34}},"74":{"start":{"line":139,"column":6},"end":{"line":139,"column":26}},"75":{"start":{"line":140,"column":6},"end":{"line":140,"column":34}},"76":{"start":{"line":144,"column":33},"end":{"line":151,"column":3}},"77":{"start":{"line":145,"column":4},"end":{"line":145,"column":22}},"78":{"start":{"line":146,"column":4},"end":{"line":148,"column":5}},"79":{"start":{"line":147,"column":6},"end":{"line":147,"column":53}},"80":{"start":{"line":147,"column":30},"end":{"line":147,"column":52}},"81":{"start":{"line":149,"column":4},"end":{"line":149,"column":24}},"82":{"start":{"line":150,"column":4},"end":{"line":150,"column":32}},"83":{"start":{"line":153,"column":2},"end":{"line":534,"column":3}},"84":{"start":{"line":303,"column":20},"end":{"line":303,"column":60}},"85":{"start":{"line":304,"column":20},"end":{"line":304,"column":66}},"86":{"start":{"line":307,"column":20},"end":{"line":307,"column":63}},"87":{"start":{"line":308,"column":20},"end":{"line":308,"column":63}},"88":{"start":{"line":334,"column":20},"end":{"line":350,"column":26}},"89":{"start":{"line":338,"column":42},"end":{"line":338,"column":79}},"90":{"start":{"line":379,"column":30},"end":{"line":379,"column":69}},"91":{"start":{"line":382,"column":30},"end":{"line":382,"column":66}},"92":{"start":{"line":423,"column":50},"end":{"line":423,"column":94}},"93":{"start":{"line":423,"column":76},"end":{"line":423,"column":93}},"94":{"start":{"line":424,"column":30},"end":{"line":494,"column":31}},"95":{"start":{"line":428,"column":54},"end":{"line":428,"column":86}},"96":{"start":{"line":443,"column":36},"end":{"line":443,"column":85}},"97":{"start":{"line":446,"column":36},"end":{"line":446,"column":85}},"98":{"start":{"line":467,"column":51},"end":{"line":467,"column":73}},"99":{"start":{"line":482,"column":38},"end":{"line":482,"column":77}},"100":{"start":{"line":483,"column":38},"end":{"line":483,"column":87}},"101":{"start":{"line":486,"column":38},"end":{"line":486,"column":74}},"102":{"start":{"line":487,"column":38},"end":{"line":487,"column":91}}},"fnMap":{"0":{"name":"(anonymous_0)","decl":{"start":{"line":13,"column":15},"end":{"line":13,"column":16}},"loc":{"start":{"line":13,"column":21},"end":{"line":535,"column":1}},"line":13},"1":{"name":"(anonymous_1)","decl":{"start":{"line":26,"column":47},"end":{"line":26,"column":48}},"loc":{"start":{"line":26,"column":53},"end":{"line":29,"column":3}},"line":26},"2":{"name":"(anonymous_2)","decl":{"start":{"line":37,"column":12},"end":{"line":37,"column":13}},"loc":{"start":{"line":37,"column":18},"end":{"line":39,"column":3}},"line":37},"3":{"name":"(anonymous_3)","decl":{"start":{"line":41,"column":23},"end":{"line":41,"column":24}},"loc":{"start":{"line":41,"column":30},"end":{"line":46,"column":3}},"line":41},"4":{"name":"(anonymous_4)","decl":{"start":{"line":48,"column":23},"end":{"line":48,"column":24}},"loc":{"start":{"line":48,"column":29},"end":{"line":102,"column":3}},"line":48},"5":{"name":"(anonymous_5)","decl":{"start":{"line":49,"column":53},"end":{"line":49,"column":54}},"loc":{"start":{"line":49,"column":62},"end":{"line":49,"column":74}},"line":49},"6":{"name":"(anonymous_6)","decl":{"start":{"line":57,"column":39},"end":{"line":57,"column":40}},"loc":{"start":{"line":57,"column":53},"end":{"line":98,"column":5}},"line":57},"7":{"name":"(anonymous_7)","decl":{"start":{"line":108,"column":26},"end":{"line":108,"column":27}},"loc":{"start":{"line":108,"column":34},"end":{"line":112,"column":3}},"line":108},"8":{"name":"(anonymous_8)","decl":{"start":{"line":109,"column":18},"end":{"line":109,"column":19}},"loc":{"start":{"line":110,"column":6},"end":{"line":110,"column":70}},"line":110},"9":{"name":"(anonymous_9)","decl":{"start":{"line":110,"column":38},"end":{"line":110,"column":39}},"loc":{"start":{"line":110,"column":45},"end":{"line":110,"column":53}},"line":110},"10":{"name":"(anonymous_10)","decl":{"start":{"line":115,"column":26},"end":{"line":115,"column":27}},"loc":{"start":{"line":115,"column":34},"end":{"line":117,"column":3}},"line":115},"11":{"name":"(anonymous_11)","decl":{"start":{"line":116,"column":18},"end":{"line":116,"column":19}},"loc":{"start":{"line":116,"column":28},"end":{"line":116,"column":56}},"line":116},"12":{"name":"(anonymous_12)","decl":{"start":{"line":116,"column":40},"end":{"line":116,"column":41}},"loc":{"start":{"line":116,"column":47},"end":{"line":116,"column":55}},"line":116},"13":{"name":"(anonymous_13)","decl":{"start":{"line":120,"column":30},"end":{"line":120,"column":31}},"loc":{"start":{"line":120,"column":36},"end":{"line":122,"column":3}},"line":120},"14":{"name":"(anonymous_14)","decl":{"start":{"line":124,"column":26},"end":{"line":124,"column":27}},"loc":{"start":{"line":124,"column":65},"end":{"line":128,"column":3}},"line":124},"15":{"name":"(anonymous_15)","decl":{"start":{"line":130,"column":25},"end":{"line":130,"column":26}},"loc":{"start":{"line":130,"column":32},"end":{"line":133,"column":3}},"line":130},"16":{"name":"(anonymous_16)","decl":{"start":{"line":135,"column":29},"end":{"line":135,"column":30}},"loc":{"start":{"line":135,"column":36},"end":{"line":142,"column":3}},"line":135},"17":{"name":"(anonymous_17)","decl":{"start":{"line":144,"column":33},"end":{"line":144,"column":34}},"loc":{"start":{"line":144,"column":40},"end":{"line":151,"column":3}},"line":144},"18":{"name":"(anonymous_18)","decl":{"start":{"line":147,"column":20},"end":{"line":147,"column":21}},"loc":{"start":{"line":147,"column":30},"end":{"line":147,"column":52}},"line":147},"19":{"name":"(anonymous_19)","decl":{"start":{"line":302,"column":31},"end":{"line":302,"column":32}},"loc":{"start":{"line":302,"column":38},"end":{"line":305,"column":19}},"line":302},"20":{"name":"(anonymous_20)","decl":{"start":{"line":306,"column":30},"end":{"line":306,"column":31}},"loc":{"start":{"line":306,"column":37},"end":{"line":309,"column":19}},"line":306},"21":{"name":"(anonymous_21)","decl":{"start":{"line":333,"column":66},"end":{"line":333,"column":67}},"loc":{"start":{"line":334,"column":20},"end":{"line":350,"column":26}},"line":334},"22":{"name":"(anonymous_22)","decl":{"start":{"line":338,"column":35},"end":{"line":338,"column":36}},"loc":{"start":{"line":338,"column":42},"end":{"line":338,"column":79}},"line":338},"23":{"name":"(anonymous_23)","decl":{"start":{"line":378,"column":42},"end":{"line":378,"column":43}},"loc":{"start":{"line":378,"column":49},"end":{"line":380,"column":29}},"line":378},"24":{"name":"(anonymous_24)","decl":{"start":{"line":381,"column":42},"end":{"line":381,"column":43}},"loc":{"start":{"line":381,"column":49},"end":{"line":383,"column":29}},"line":381},"25":{"name":"(anonymous_25)","decl":{"start":{"line":422,"column":44},"end":{"line":422,"column":45}},"loc":{"start":{"line":422,"column":55},"end":{"line":495,"column":29}},"line":422},"26":{"name":"(anonymous_26)","decl":{"start":{"line":423,"column":66},"end":{"line":423,"column":67}},"loc":{"start":{"line":423,"column":76},"end":{"line":423,"column":93}},"line":423},"27":{"name":"(anonymous_27)","decl":{"start":{"line":428,"column":47},"end":{"line":428,"column":48}},"loc":{"start":{"line":428,"column":54},"end":{"line":428,"column":86}},"line":428},"28":{"name":"(anonymous_28)","decl":{"start":{"line":442,"column":48},"end":{"line":442,"column":49}},"loc":{"start":{"line":442,"column":55},"end":{"line":444,"column":35}},"line":442},"29":{"name":"(anonymous_29)","decl":{"start":{"line":445,"column":48},"end":{"line":445,"column":49}},"loc":{"start":{"line":445,"column":55},"end":{"line":447,"column":35}},"line":445},"30":{"name":"(anonymous_30)","decl":{"start":{"line":467,"column":45},"end":{"line":467,"column":46}},"loc":{"start":{"line":467,"column":51},"end":{"line":467,"column":73}},"line":467},"31":{"name":"(anonymous_31)","decl":{"start":{"line":481,"column":50},"end":{"line":481,"column":51}},"loc":{"start":{"line":481,"column":57},"end":{"line":484,"column":37}},"line":481},"32":{"name":"(anonymous_32)","decl":{"start":{"line":485,"column":50},"end":{"line":485,"column":51}},"loc":{"start":{"line":485,"column":57},"end":{"line":488,"column":37}},"line":485}},"branchMap":{"0":{"loc":{"start":{"line":28,"column":11},"end":{"line":28,"column":41}},"type":"cond-expr","locations":[{"start":{"line":28,"column":19},"end":{"line":28,"column":36}},{"start":{"line":28,"column":39},"end":{"line":28,"column":41}}],"line":28},"1":{"loc":{"start":{"line":51,"column":4},"end":{"line":54,"column":5}},"type":"if","locations":[{"start":{"line":51,"column":4},"end":{"line":54,"column":5}},{"start":{},"end":{}}],"line":51},"2":{"loc":{"start":{"line":58,"column":6},"end":{"line":61,"column":7}},"type":"if","locations":[{"start":{"line":58,"column":6},"end":{"line":61,"column":7}},{"start":{},"end":{}}],"line":58},"3":{"loc":{"start":{"line":60,"column":8},"end":{"line":60,"column":36}},"type":"if","locations":[{"start":{"line":60,"column":8},"end":{"line":60,"column":36}},{"start":{},"end":{}}],"line":60},"4":{"loc":{"start":{"line":63,"column":6},"end":{"line":65,"column":7}},"type":"if","locations":[{"start":{"line":63,"column":6},"end":{"line":65,"column":7}},{"start":{},"end":{}}],"line":63},"5":{"loc":{"start":{"line":64,"column":8},"end":{"line":64,"column":61}},"type":"if","locations":[{"start":{"line":64,"column":8},"end":{"line":64,"column":61}},{"start":{},"end":{}}],"line":64},"6":{"loc":{"start":{"line":67,"column":6},"end":{"line":69,"column":7}},"type":"if","locations":[{"start":{"line":67,"column":6},"end":{"line":69,"column":7}},{"start":{},"end":{}}],"line":67},"7":{"loc":{"start":{"line":68,"column":8},"end":{"line":68,"column":61}},"type":"if","locations":[{"start":{"line":68,"column":8},"end":{"line":68,"column":61}},{"start":{},"end":{}}],"line":68},"8":{"loc":{"start":{"line":71,"column":6},"end":{"line":73,"column":7}},"type":"if","locations":[{"start":{"line":71,"column":6},"end":{"line":73,"column":7}},{"start":{},"end":{}}],"line":71},"9":{"loc":{"start":{"line":72,"column":8},"end":{"line":72,"column":67}},"type":"if","locations":[{"start":{"line":72,"column":8},"end":{"line":72,"column":67}},{"start":{},"end":{}}],"line":72},"10":{"loc":{"start":{"line":75,"column":6},"end":{"line":77,"column":7}},"type":"if","locations":[{"start":{"line":75,"column":6},"end":{"line":77,"column":7}},{"start":{},"end":{}}],"line":75},"11":{"loc":{"start":{"line":76,"column":8},"end":{"line":76,"column":67}},"type":"if","locations":[{"start":{"line":76,"column":8},"end":{"line":76,"column":67}},{"start":{},"end":{}}],"line":76},"12":{"loc":{"start":{"line":79,"column":6},"end":{"line":81,"column":7}},"type":"if","locations":[{"start":{"line":79,"column":6},"end":{"line":81,"column":7}},{"start":{},"end":{}}],"line":79},"13":{"loc":{"start":{"line":80,"column":8},"end":{"line":80,"column":68}},"type":"if","locations":[{"start":{"line":80,"column":8},"end":{"line":80,"column":68}},{"start":{},"end":{}}],"line":80},"14":{"loc":{"start":{"line":84,"column":6},"end":{"line":88,"column":7}},"type":"if","locations":[{"start":{"line":84,"column":6},"end":{"line":88,"column":7}},{"start":{},"end":{}}],"line":84},"15":{"loc":{"start":{"line":87,"column":8},"end":{"line":87,"column":51}},"type":"if","locations":[{"start":{"line":87,"column":8},"end":{"line":87,"column":51}},{"start":{},"end":{}}],"line":87},"16":{"loc":{"start":{"line":91,"column":6},"end":{"line":95,"column":7}},"type":"if","locations":[{"start":{"line":91,"column":6},"end":{"line":95,"column":7}},{"start":{},"end":{}}],"line":91},"17":{"loc":{"start":{"line":94,"column":8},"end":{"line":94,"column":51}},"type":"if","locations":[{"start":{"line":94,"column":8},"end":{"line":94,"column":51}},{"start":{},"end":{}}],"line":94},"18":{"loc":{"start":{"line":105,"column":21},"end":{"line":105,"column":43}},"type":"binary-expr","locations":[{"start":{"line":105,"column":21},"end":{"line":105,"column":37}},{"start":{"line":105,"column":41},"end":{"line":105,"column":43}}],"line":105},"19":{"loc":{"start":{"line":110,"column":6},"end":{"line":110,"column":70}},"type":"cond-expr","locations":[{"start":{"line":110,"column":26},"end":{"line":110,"column":54}},{"start":{"line":110,"column":57},"end":{"line":110,"column":70}}],"line":110},"20":{"loc":{"start":{"line":124,"column":38},"end":{"line":124,"column":60}},"type":"default-arg","locations":[{"start":{"line":124,"column":55},"end":{"line":124,"column":60}}],"line":124},"21":{"loc":{"start":{"line":137,"column":4},"end":{"line":141,"column":5}},"type":"if","locations":[{"start":{"line":137,"column":4},"end":{"line":141,"column":5}},{"start":{},"end":{}}],"line":137},"22":{"loc":{"start":{"line":146,"column":4},"end":{"line":148,"column":5}},"type":"if","locations":[{"start":{"line":146,"column":4},"end":{"line":148,"column":5}},{"start":{},"end":{}}],"line":146},"23":{"loc":{"start":{"line":146,"column":8},"end":{"line":146,"column":79}},"type":"binary-expr","locations":[{"start":{"line":146,"column":8},"end":{"line":146,"column":19}},{"start":{"line":146,"column":23},"end":{"line":146,"column":42}},{"start":{"line":146,"column":46},"end":{"line":146,"column":79}}],"line":146},"24":{"loc":{"start":{"line":321,"column":11},"end":{"line":530,"column":11}},"type":"cond-expr","locations":[{"start":{"line":322,"column":12},"end":{"line":327,"column":18}},{"start":{"line":329,"column":12},"end":{"line":529,"column":15}}],"line":321},"25":{"loc":{"start":{"line":321,"column":11},"end":{"line":321,"column":69}},"type":"binary-expr","locations":[{"start":{"line":321,"column":11},"end":{"line":321,"column":22}},{"start":{"line":321,"column":26},"end":{"line":321,"column":39}},{"start":{"line":321,"column":43},"end":{"line":321,"column":69}}],"line":321},"26":{"loc":{"start":{"line":333,"column":20},"end":{"line":333,"column":60}},"type":"cond-expr","locations":[{"start":{"line":333,"column":34},"end":{"line":333,"column":47}},{"start":{"line":333,"column":50},"end":{"line":333,"column":60}}],"line":333},"27":{"loc":{"start":{"line":340,"column":33},"end":{"line":340,"column":70}},"type":"cond-expr","locations":[{"start":{"line":340,"column":63},"end":{"line":340,"column":66}},{"start":{"line":340,"column":69},"end":{"line":340,"column":70}}],"line":340},"28":{"loc":{"start":{"line":363,"column":25},"end":{"line":388,"column":25}},"type":"binary-expr","locations":[{"start":{"line":363,"column":25},"end":{"line":363,"column":46}},{"start":{"line":364,"column":26},"end":{"line":387,"column":35}}],"line":363},"29":{"loc":{"start":{"line":397,"column":43},"end":{"line":397,"column":105}},"type":"cond-expr","locations":[{"start":{"line":397,"column":80},"end":{"line":397,"column":89}},{"start":{"line":397,"column":92},"end":{"line":397,"column":105}}],"line":397},"30":{"loc":{"start":{"line":397,"column":43},"end":{"line":397,"column":77}},"type":"binary-expr","locations":[{"start":{"line":397,"column":43},"end":{"line":397,"column":54}},{"start":{"line":397,"column":58},"end":{"line":397,"column":77}}],"line":397},"31":{"loc":{"start":{"line":398,"column":34},"end":{"line":398,"column":100}},"type":"cond-expr","locations":[{"start":{"line":398,"column":71},"end":{"line":398,"column":91}},{"start":{"line":398,"column":94},"end":{"line":398,"column":100}}],"line":398},"32":{"loc":{"start":{"line":398,"column":34},"end":{"line":398,"column":68}},"type":"binary-expr","locations":[{"start":{"line":398,"column":34},"end":{"line":398,"column":45}},{"start":{"line":398,"column":49},"end":{"line":398,"column":68}}],"line":398},"33":{"loc":{"start":{"line":401,"column":25},"end":{"line":497,"column":25}},"type":"cond-expr","locations":[{"start":{"line":402,"column":26},"end":{"line":419,"column":32}},{"start":{"line":421,"column":26},"end":{"line":496,"column":32}}],"line":401},"34":{"loc":{"start":{"line":439,"column":45},"end":{"line":439,"column":76}},"type":"cond-expr","locations":[{"start":{"line":439,"column":69},"end":{"line":439,"column":72}},{"start":{"line":439,"column":75},"end":{"line":439,"column":76}}],"line":439},"35":{"loc":{"start":{"line":440,"column":44},"end":{"line":440,"column":87}},"type":"cond-expr","locations":[{"start":{"line":440,"column":68},"end":{"line":440,"column":78}},{"start":{"line":440,"column":81},"end":{"line":440,"column":87}}],"line":440},"36":{"loc":{"start":{"line":450,"column":37},"end":{"line":464,"column":37}},"type":"cond-expr","locations":[{"start":{"line":451,"column":38},"end":{"line":461,"column":41}},{"start":{"line":463,"column":38},"end":{"line":463,"column":118}}],"line":450},"37":{"loc":{"start":{"line":508,"column":41},"end":{"line":508,"column":98}},"type":"cond-expr","locations":[{"start":{"line":508,"column":79},"end":{"line":508,"column":88}},{"start":{"line":508,"column":91},"end":{"line":508,"column":98}}],"line":508},"38":{"loc":{"start":{"line":508,"column":41},"end":{"line":508,"column":76}},"type":"binary-expr","locations":[{"start":{"line":508,"column":41},"end":{"line":508,"column":52}},{"start":{"line":508,"column":56},"end":{"line":508,"column":76}}],"line":508},"39":{"loc":{"start":{"line":509,"column":32},"end":{"line":509,"column":135}},"type":"cond-expr","locations":[{"start":{"line":509,"column":70},"end":{"line":509,"column":101}},{"start":{"line":509,"column":104},"end":{"line":509,"column":135}}],"line":509},"40":{"loc":{"start":{"line":509,"column":32},"end":{"line":509,"column":67}},"type":"binary-expr","locations":[{"start":{"line":509,"column":32},"end":{"line":509,"column":43}},{"start":{"line":509,"column":47},"end":{"line":509,"column":67}}],"line":509},"41":{"loc":{"start":{"line":523,"column":25},"end":{"line":523,"column":134}},"type":"cond-expr","locations":[{"start":{"line":523,"column":63},"end":{"line":523,"column":100}},{"start":{"line":523,"column":103},"end":{"line":523,"column":134}}],"line":523},"42":{"loc":{"start":{"line":523,"column":25},"end":{"line":523,"column":60}},"type":"binary-expr","locations":[{"start":{"line":523,"column":25},"end":{"line":523,"column":36}},{"start":{"line":523,"column":40},"end":{"line":523,"column":60}}],"line":523}},"s":{"0":1,"1":24,"2":24,"3":8,"4":8,"5":24,"6":24,"7":24,"8":24,"9":24,"10":12,"11":24,"12":7,"13":24,"14":6,"15":25,"16":6,"17":1,"18":1,"19":5,"20":20,"21":4,"22":4,"23":3,"24":17,"25":8,"26":5,"27":12,"28":3,"29":1,"30":11,"31":4,"32":1,"33":10,"34":3,"35":1,"36":9,"37":4,"38":3,"39":6,"40":0,"41":0,"42":0,"43":0,"44":6,"45":0,"46":0,"47":0,"48":0,"49":6,"50":5,"51":5,"52":24,"53":24,"54":3,"55":3,"56":2,"57":24,"58":0,"59":0,"60":0,"61":24,"62":1,"63":24,"64":0,"65":0,"66":0,"67":24,"68":0,"69":0,"70":24,"71":0,"72":0,"73":0,"74":0,"75":0,"76":24,"77":0,"78":0,"79":0,"80":0,"81":0,"82":0,"83":24,"84":0,"85":0,"86":0,"87":0,"88":82,"89":0,"90":0,"91":0,"92":7,"93":12,"94":7,"95":0,"96":0,"97":0,"98":0,"99":0,"100":0,"101":0,"102":0},"f":{"0":24,"1":8,"2":12,"3":7,"4":6,"5":25,"6":20,"7":3,"8":3,"9":2,"10":0,"11":0,"12":0,"13":1,"14":0,"15":0,"16":0,"17":0,"18":0,"19":0,"20":0,"21":82,"22":0,"23":0,"24":0,"25":7,"26":12,"27":0,"28":0,"29":0,"30":0,"31":0,"32":0},"b":{"0":[1,7],"1":[1,5],"2":[4,16],"3":[3,1],"4":[8,9],"5":[5,3],"6":[3,9],"7":[1,2],"8":[4,7],"9":[1,3],"10":[3,7],"11":[1,2],"12":[4,5],"13":[3,1],"14":[0,6],"15":[0,0],"16":[0,6],"17":[0,0],"18":[24,0],"19":[1,2],"20":[0],"21":[0,0],"22":[0,0],"23":[0,0,0],"24":[1,23],"25":[24,5,5],"26":[4,19],"27":[0,82],"28":[23,4],"29":[0,23],"30":[23,0],"31":[0,23],"32":[23,0],"33":[19,4],"34":[0,7],"35":[0,7],"36":[7,0],"37":[0,23],"38":[23,0],"39":[0,23],"40":[23,0],"41":[0,23],"42":[23,0]},"_coverageSchema":"1a1c01bbd47fc00a2c39e90264f33305004495a9","hash":"6aa423241b7d2a35b0804f669ddf972d9776acf4"}
}
