TN:
SF:src/components/About.jsx
FN:12,(anonymous_0)
FNF:1
FNH:0
FNDA:0,(anonymous_0)
DA:12,0
DA:13,0
LF:2
LH:0
BRF:0
BRH:0
end_of_record
TN:
SF:src/components/App.jsx
FN:22,(anonymous_0)
FN:38,(anonymous_1)
FN:156,(anonymous_2)
FNF:3
FNH:0
FNDA:0,(anonymous_0)
FNDA:0,(anonymous_1)
FNDA:0,(anonymous_2)
DA:22,0
DA:23,0
DA:25,0
DA:38,0
DA:157,0
DA:158,0
DA:159,0
DA:160,0
DA:161,0
LF:9
LH:0
BRDA:159,0,0,0
BRDA:159,0,1,0
BRF:2
BRH:0
end_of_record
TN:
SF:src/components/Contact.jsx
FN:7,(anonymous_0)
FN:16,(anonymous_1)
FN:23,(anonymous_2)
FN:106,(anonymous_3)
FN:107,(anonymous_4)
FN:121,(anonymous_5)
FN:122,(anonymous_6)
FN:135,(anonymous_7)
FN:136,(anonymous_8)
FN:150,(anonymous_9)
FN:151,(anonymous_10)
FN:168,(anonymous_11)
FN:169,(anonymous_12)
FN:190,(anonymous_13)
FN:194,(anonymous_14)
FNF:15
FNH:0
FNDA:0,(anonymous_0)
FNDA:0,(anonymous_1)
FNDA:0,(anonymous_2)
FNDA:0,(anonymous_3)
FNDA:0,(anonymous_4)
FNDA:0,(anonymous_5)
FNDA:0,(anonymous_6)
FNDA:0,(anonymous_7)
FNDA:0,(anonymous_8)
FNDA:0,(anonymous_9)
FNDA:0,(anonymous_10)
FNDA:0,(anonymous_11)
FNDA:0,(anonymous_12)
FNDA:0,(anonymous_13)
FNDA:0,(anonymous_14)
DA:7,0
DA:8,0
DA:16,0
DA:17,0
DA:23,0
DA:24,0
DA:26,0
DA:27,0
DA:30,0
DA:42,0
DA:51,0
DA:106,0
DA:107,0
DA:121,0
DA:122,0
DA:135,0
DA:136,0
DA:150,0
DA:151,0
DA:168,0
DA:169,0
DA:191,0
DA:192,0
DA:195,0
DA:196,0
LF:25
LH:0
BRF:0
BRH:0
end_of_record
TN:
SF:src/components/Favorites.jsx
FN:11,(anonymous_0)
FN:16,(anonymous_1)
FN:24,(anonymous_2)
FN:29,(anonymous_3)
FN:30,(anonymous_4)
FN:41,(anonymous_5)
FN:48,(anonymous_6)
FN:49,(anonymous_7)
FN:50,(anonymous_8)
FN:55,(anonymous_9)
FN:56,(anonymous_10)
FN:56,(anonymous_11)
FN:60,(anonymous_12)
FN:64,(anonymous_13)
FN:69,(anonymous_14)
FN:73,(anonymous_15)
FN:78,(anonymous_16)
FN:87,(anonymous_17)
FN:127,(anonymous_18)
FN:147,(anonymous_19)
FN:152,(anonymous_20)
FN:196,(anonymous_21)
FN:199,(anonymous_22)
FN:230,(anonymous_23)
FN:231,(anonymous_24)
FN:236,(anonymous_25)
FN:251,(anonymous_26)
FN:254,(anonymous_27)
FN:285,(anonymous_28)
FN:299,(anonymous_29)
FN:303,(anonymous_30)
FNF:31
FNH:0
FNDA:0,(anonymous_0)
FNDA:0,(anonymous_1)
FNDA:0,(anonymous_2)
FNDA:0,(anonymous_3)
FNDA:0,(anonymous_4)
FNDA:0,(anonymous_5)
FNDA:0,(anonymous_6)
FNDA:0,(anonymous_7)
FNDA:0,(anonymous_8)
FNDA:0,(anonymous_9)
FNDA:0,(anonymous_10)
FNDA:0,(anonymous_11)
FNDA:0,(anonymous_12)
FNDA:0,(anonymous_13)
FNDA:0,(anonymous_14)
FNDA:0,(anonymous_15)
FNDA:0,(anonymous_16)
FNDA:0,(anonymous_17)
FNDA:0,(anonymous_18)
FNDA:0,(anonymous_19)
FNDA:0,(anonymous_20)
FNDA:0,(anonymous_21)
FNDA:0,(anonymous_22)
FNDA:0,(anonymous_23)
FNDA:0,(anonymous_24)
FNDA:0,(anonymous_25)
FNDA:0,(anonymous_26)
FNDA:0,(anonymous_27)
FNDA:0,(anonymous_28)
FNDA:0,(anonymous_29)
FNDA:0,(anonymous_30)
DA:11,0
DA:12,0
DA:13,0
DA:16,0
DA:17,0
DA:18,0
DA:21,0
DA:24,0
DA:25,0
DA:29,0
DA:30,0
DA:31,0
DA:32,0
DA:33,0
DA:37,0
DA:39,0
DA:41,0
DA:42,0
DA:43,0
DA:48,0
DA:49,0
DA:50,0
DA:55,0
DA:56,0
DA:60,0
DA:61,0
DA:64,0
DA:65,0
DA:66,0
DA:69,0
DA:70,0
DA:73,0
DA:74,0
DA:75,0
DA:78,0
DA:79,0
DA:80,0
DA:81,0
DA:82,0
DA:87,0
DA:89,0
DA:127,0
DA:148,0
DA:152,0
DA:197,0
DA:200,0
DA:231,0
DA:232,0
DA:236,0
DA:252,0
DA:255,0
DA:285,0
DA:300,0
DA:301,0
DA:304,0
DA:305,0
LF:56
LH:0
BRDA:13,0,0,0
BRDA:13,0,1,0
BRDA:18,1,0,0
BRDA:18,1,1,0
BRDA:32,2,0,0
BRDA:32,2,1,0
BRDA:50,3,0,0
BRDA:50,3,1,0
BRDA:80,4,0,0
BRDA:80,4,1,0
BRDA:104,5,0,0
BRDA:104,5,1,0
BRDA:155,6,0,0
BRDA:155,6,1,0
BRDA:181,7,0,0
BRDA:181,7,1,0
BRDA:209,8,0,0
BRDA:209,8,1,0
BRDA:248,9,0,0
BRDA:248,9,1,0
BRDA:249,10,0,0
BRDA:249,10,1,0
BRDA:259,11,0,0
BRDA:259,11,1,0
BRDA:325,12,0,0
BRDA:325,12,1,0
BRDA:326,13,0,0
BRDA:326,13,1,0
BRDA:340,14,0,0
BRDA:340,14,1,0
BRDA:347,15,0,0
BRDA:347,15,1,0
BRDA:354,16,0,0
BRDA:354,16,1,0
BRF:34
BRH:0
end_of_record
TN:
SF:src/components/Footer.jsx
FN:3,(anonymous_0)
FNF:1
FNH:0
FNDA:0,(anonymous_0)
DA:3,0
DA:4,0
LF:2
LH:0
BRF:0
BRH:0
end_of_record
TN:
SF:src/components/NavigationBar.jsx
FN:5,(anonymous_0)
FN:11,(anonymous_1)
FN:15,(anonymous_2)
FN:20,(anonymous_3)
FN:21,(anonymous_4)
FN:36,(anonymous_5)
FN:42,(anonymous_6)
FN:45,(anonymous_7)
FN:48,(anonymous_8)
FN:61,(anonymous_9)
FN:67,(anonymous_10)
FN:94,(anonymous_11)
FN:122,(anonymous_12)
FN:139,(anonymous_13)
FN:143,(anonymous_14)
FNF:15
FNH:0
FNDA:0,(anonymous_0)
FNDA:0,(anonymous_1)
FNDA:0,(anonymous_2)
FNDA:0,(anonymous_3)
FNDA:0,(anonymous_4)
FNDA:0,(anonymous_5)
FNDA:0,(anonymous_6)
FNDA:0,(anonymous_7)
FNDA:0,(anonymous_8)
FNDA:0,(anonymous_9)
FNDA:0,(anonymous_10)
FNDA:0,(anonymous_11)
FNDA:0,(anonymous_12)
FNDA:0,(anonymous_13)
FNDA:0,(anonymous_14)
DA:5,0
DA:6,0
DA:7,0
DA:8,0
DA:9,0
DA:11,0
DA:12,0
DA:15,0
DA:16,0
DA:20,0
DA:21,0
DA:22,0
DA:23,0
DA:24,0
DA:28,0
DA:31,0
DA:34,0
DA:36,0
DA:37,0
DA:38,0
DA:42,0
DA:45,0
DA:46,0
DA:47,0
DA:48,0
DA:50,0
DA:51,0
DA:57,0
DA:58,0
DA:61,0
DA:62,0
DA:63,0
DA:67,0
DA:68,0
DA:69,0
DA:70,0
DA:74,0
DA:94,0
DA:122,0
DA:140,0
DA:141,0
DA:144,0
DA:145,0
LF:43
LH:0
BRDA:23,0,0,0
BRDA:23,0,1,0
BRDA:50,1,0,0
BRDA:50,1,1,0
BRDA:62,2,0,0
BRDA:62,2,1,0
BRDA:154,3,0,0
BRDA:154,3,1,0
BRDA:154,4,0,0
BRDA:154,4,1,0
BRDA:156,5,0,0
BRDA:156,5,1,0
BRDA:157,6,0,0
BRDA:157,6,1,0
BRDA:158,7,0,0
BRDA:158,7,1,0
BRDA:160,8,0,0
BRDA:160,8,1,0
BRF:18
BRH:0
end_of_record
TN:
SF:src/components/PropertyCard.jsx
FN:6,(anonymous_0)
FN:11,(anonymous_1)
FN:15,(anonymous_2)
FN:23,(anonymous_3)
FN:24,(anonymous_4)
FN:81,(anonymous_5)
FNF:6
FNH:0
FNDA:0,(anonymous_0)
FNDA:0,(anonymous_1)
FNDA:0,(anonymous_2)
FNDA:0,(anonymous_3)
FNDA:0,(anonymous_4)
FNDA:0,(anonymous_5)
DA:6,0
DA:7,0
DA:8,0
DA:9,0
DA:11,0
DA:12,0
DA:15,0
DA:16,0
DA:17,0
DA:20,0
DA:23,0
DA:24,0
DA:82,0
DA:83,0
LF:14
LH:0
BRDA:34,0,0,0
BRDA:34,0,1,0
BRDA:80,1,0,0
BRDA:80,1,1,0
BRDA:83,2,0,0
BRDA:83,2,1,0
BRDA:96,3,0,0
BRDA:96,3,1,0
BRF:8
BRH:0
end_of_record
TN:
SF:src/components/PropertyPage.jsx
FN:15,(anonymous_0)
FN:23,(anonymous_1)
FN:31,(anonymous_2)
FN:88,(anonymous_3)
FN:94,(anonymous_4)
FN:99,(anonymous_5)
FN:107,(anonymous_6)
FN:153,(anonymous_7)
FN:154,(anonymous_8)
FN:178,(anonymous_9)
FN:179,(anonymous_10)
FN:203,(anonymous_11)
FN:204,(anonymous_12)
FN:211,(anonymous_13)
FN:283,(anonymous_14)
FN:296,(anonymous_15)
FN:297,(anonymous_16)
FN:388,(anonymous_17)
FN:399,(anonymous_18)
FN:400,(anonymous_19)
FN:403,(anonymous_20)
FN:425,(anonymous_21)
FNF:22
FNH:0
FNDA:0,(anonymous_0)
FNDA:0,(anonymous_1)
FNDA:0,(anonymous_2)
FNDA:0,(anonymous_3)
FNDA:0,(anonymous_4)
FNDA:0,(anonymous_5)
FNDA:0,(anonymous_6)
FNDA:0,(anonymous_7)
FNDA:0,(anonymous_8)
FNDA:0,(anonymous_9)
FNDA:0,(anonymous_10)
FNDA:0,(anonymous_11)
FNDA:0,(anonymous_12)
FNDA:0,(anonymous_13)
FNDA:0,(anonymous_14)
FNDA:0,(anonymous_15)
FNDA:0,(anonymous_16)
FNDA:0,(anonymous_17)
FNDA:0,(anonymous_18)
FNDA:0,(anonymous_19)
FNDA:0,(anonymous_20)
FNDA:0,(anonymous_21)
DA:15,0
DA:16,0
DA:17,0
DA:18,0
DA:19,0
DA:20,0
DA:23,0
DA:25,0
DA:26,0
DA:31,0
DA:48,0
DA:49,0
DA:50,0
DA:53,0
DA:88,0
DA:89,0
DA:90,0
DA:94,0
DA:95,0
DA:99,0
DA:100,0
DA:101,0
DA:102,0
DA:103,0
DA:107,0
DA:108,0
DA:109,0
DA:110,0
DA:111,0
DA:114,0
DA:153,0
DA:154,0
DA:178,0
DA:179,0
DA:203,0
DA:204,0
DA:211,0
DA:283,0
DA:296,0
DA:297,0
DA:389,0
DA:399,0
DA:401,0
DA:404,0
DA:425,0
LF:45
LH:0
BRDA:25,0,0,0
BRDA:25,0,1,0
BRDA:49,1,0,0
BRDA:49,1,1,0
BRDA:101,2,0,0
BRDA:101,2,1,0
BRDA:109,3,0,0
BRDA:109,3,1,0
BRDA:117,4,0,0
BRDA:117,4,1,0
BRDA:381,5,0,0
BRDA:381,5,1,0
BRDA:442,6,0,0
BRDA:442,6,1,0
BRDA:443,7,0,0
BRDA:443,7,1,0
BRDA:445,8,0,0
BRDA:445,8,1,0
BRDA:458,9,0,0
BRDA:458,9,1,0
BRDA:459,10,0,0
BRDA:459,10,1,0
BRDA:461,11,0,0
BRDA:461,11,1,0
BRDA:474,12,0,0
BRDA:474,12,1,0
BRDA:475,13,0,0
BRDA:475,13,1,0
BRDA:477,14,0,0
BRDA:477,14,1,0
BRDA:529,15,0,0
BRDA:529,15,1,0
BRDA:555,16,0,0
BRDA:555,16,1,0
BRF:34
BRH:0
end_of_record
TN:
SF:src/components/Search.jsx
FN:13,(anonymous_0)
FN:26,(anonymous_1)
FN:37,(anonymous_2)
FN:41,(anonymous_3)
FN:48,(anonymous_4)
FN:49,(anonymous_5)
FN:57,(anonymous_6)
FN:108,(anonymous_7)
FN:109,(anonymous_8)
FN:110,(anonymous_9)
FN:115,(anonymous_10)
FN:116,(anonymous_11)
FN:116,(anonymous_12)
FN:120,(anonymous_13)
FN:124,(anonymous_14)
FN:130,(anonymous_15)
FN:135,(anonymous_16)
FN:144,(anonymous_17)
FN:147,(anonymous_18)
FN:302,(anonymous_19)
FN:306,(anonymous_20)
FN:333,(anonymous_21)
FN:338,(anonymous_22)
FN:378,(anonymous_23)
FN:381,(anonymous_24)
FN:422,(anonymous_25)
FN:423,(anonymous_26)
FN:428,(anonymous_27)
FN:442,(anonymous_28)
FN:445,(anonymous_29)
FN:467,(anonymous_30)
FN:481,(anonymous_31)
FN:485,(anonymous_32)
FNF:33
FNH:14
FNDA:24,(anonymous_0)
FNDA:8,(anonymous_1)
FNDA:12,(anonymous_2)
FNDA:7,(anonymous_3)
FNDA:6,(anonymous_4)
FNDA:25,(anonymous_5)
FNDA:20,(anonymous_6)
FNDA:3,(anonymous_7)
FNDA:3,(anonymous_8)
FNDA:2,(anonymous_9)
FNDA:0,(anonymous_10)
FNDA:0,(anonymous_11)
FNDA:0,(anonymous_12)
FNDA:1,(anonymous_13)
FNDA:0,(anonymous_14)
FNDA:0,(anonymous_15)
FNDA:0,(anonymous_16)
FNDA:0,(anonymous_17)
FNDA:0,(anonymous_18)
FNDA:0,(anonymous_19)
FNDA:0,(anonymous_20)
FNDA:82,(anonymous_21)
FNDA:0,(anonymous_22)
FNDA:0,(anonymous_23)
FNDA:0,(anonymous_24)
FNDA:7,(anonymous_25)
FNDA:12,(anonymous_26)
FNDA:0,(anonymous_27)
FNDA:0,(anonymous_28)
FNDA:0,(anonymous_29)
FNDA:0,(anonymous_30)
FNDA:0,(anonymous_31)
FNDA:0,(anonymous_32)
DA:13,1
DA:14,24
DA:26,24
DA:27,8
DA:28,8
DA:31,24
DA:32,24
DA:33,24
DA:34,24
DA:37,24
DA:38,12
DA:41,24
DA:42,7
DA:48,24
DA:49,25
DA:51,6
DA:52,1
DA:53,1
DA:57,5
DA:58,20
DA:59,4
DA:60,4
DA:63,17
DA:64,8
DA:67,12
DA:68,3
DA:71,11
DA:72,4
DA:75,10
DA:76,3
DA:79,9
DA:80,4
DA:84,6
DA:85,0
DA:86,0
DA:87,0
DA:91,6
DA:92,0
DA:93,0
DA:94,0
DA:97,6
DA:100,5
DA:101,5
DA:105,24
DA:108,24
DA:109,3
DA:110,3
DA:115,24
DA:116,0
DA:120,24
DA:121,1
DA:124,24
DA:125,0
DA:126,0
DA:127,0
DA:130,24
DA:131,0
DA:132,0
DA:135,24
DA:136,0
DA:137,0
DA:138,0
DA:139,0
DA:140,0
DA:144,24
DA:145,0
DA:146,0
DA:147,0
DA:149,0
DA:150,0
DA:153,24
DA:303,0
DA:304,0
DA:307,0
DA:308,0
DA:334,82
DA:338,0
DA:379,0
DA:382,0
DA:423,12
DA:424,7
DA:428,0
DA:443,0
DA:446,0
DA:467,0
DA:482,0
DA:483,0
DA:486,0
DA:487,0
LF:89
LH:52
BRDA:28,0,0,1
BRDA:28,0,1,7
BRDA:51,1,0,1
BRDA:51,1,1,5
BRDA:58,2,0,4
BRDA:58,2,1,16
BRDA:60,3,0,3
BRDA:60,3,1,1
BRDA:63,4,0,8
BRDA:63,4,1,9
BRDA:64,5,0,5
BRDA:64,5,1,3
BRDA:67,6,0,3
BRDA:67,6,1,9
BRDA:68,7,0,1
BRDA:68,7,1,2
BRDA:71,8,0,4
BRDA:71,8,1,7
BRDA:72,9,0,1
BRDA:72,9,1,3
BRDA:75,10,0,3
BRDA:75,10,1,7
BRDA:76,11,0,1
BRDA:76,11,1,2
BRDA:79,12,0,4
BRDA:79,12,1,5
BRDA:80,13,0,3
BRDA:80,13,1,1
BRDA:84,14,0,0
BRDA:84,14,1,6
BRDA:87,15,0,0
BRDA:87,15,1,0
BRDA:91,16,0,0
BRDA:91,16,1,6
BRDA:94,17,0,0
BRDA:94,17,1,0
BRDA:105,18,0,24
BRDA:105,18,1,0
BRDA:110,19,0,1
BRDA:110,19,1,2
BRDA:124,20,0,0
BRDA:137,21,0,0
BRDA:137,21,1,0
BRDA:146,22,0,0
BRDA:146,22,1,0
BRDA:146,23,0,0
BRDA:146,23,1,0
BRDA:146,23,2,0
BRDA:321,24,0,1
BRDA:321,24,1,23
BRDA:321,25,0,24
BRDA:321,25,1,5
BRDA:321,25,2,5
BRDA:333,26,0,4
BRDA:333,26,1,19
BRDA:340,27,0,0
BRDA:340,27,1,82
BRDA:363,28,0,23
BRDA:363,28,1,4
BRDA:397,29,0,0
BRDA:397,29,1,23
BRDA:397,30,0,23
BRDA:397,30,1,0
BRDA:398,31,0,0
BRDA:398,31,1,23
BRDA:398,32,0,23
BRDA:398,32,1,0
BRDA:401,33,0,19
BRDA:401,33,1,4
BRDA:439,34,0,0
BRDA:439,34,1,7
BRDA:440,35,0,0
BRDA:440,35,1,7
BRDA:450,36,0,7
BRDA:450,36,1,0
BRDA:508,37,0,0
BRDA:508,37,1,23
BRDA:508,38,0,23
BRDA:508,38,1,0
BRDA:509,39,0,0
BRDA:509,39,1,23
BRDA:509,40,0,23
BRDA:509,40,1,0
BRDA:523,41,0,0
BRDA:523,41,1,23
BRDA:523,42,0,23
BRDA:523,42,1,0
BRF:87
BRH:58
end_of_record
